Unfollowing
Unfollowed 4848994583
Unfollowed 1946586011
Unfollowed 5422274848
Unfollowed 2951998880
Unfollowed 319025175
Unfollowed 414332731
Unfollowed 602465342
Unfollowed 4741231031
Unfollowed 2213269565
Unfollowed 1265090892
Unfollowed 1268518138
Unfollowed 3192333054
Unfollowed 3514306522
Unfollowed 5906750746
Unfollowed 2200597664
Unfollowed 2076441716 failed, trying next user
Подождите несколько минут, прежде чем пытаться снова.
Unfollowed 2020408548 failed, trying next user
Подождите несколько минут, прежде чем пытаться снова.
Unfollowed 6087164244 failed, trying next user
Подождите несколько минут, прежде чем пытаться снова.
Unfollowed 1993532193 failed, trying next user
Подождите несколько минут, прежде чем пытаться снова.
Unfollowed 3613901006 failed, trying next user
Подождите несколько минут, прежде чем пытаться снова.
Unfollowed 4029231578 failed, trying next user
Подождите несколько минут, прежде чем пытаться снова.
Unfollowed 3625457939 failed, trying next user
Подождите несколько минут, прежде чем пытаться снова.
Unfollowed 474429730 failed, trying next user
Подождите несколько минут, прежде чем пытаться снова.
Unfollowed 4292540550 failed, trying next user
Подождите несколько минут, прежде чем пытаться снова.
Unfollowed 792513975 failed, trying next user
Подождите несколько минут, прежде чем пытаться снова.
Unfollowed 4730888241 failed, trying next user
Подождите несколько минут, прежде чем пытаться снова.
Unfollowed 4789533688 failed, trying next user
Подождите несколько минут, прежде чем пытаться снова.
Unfollowed 4794509541 failed, trying next user
Подождите несколько минут, прежде чем пытаться снова.
Unfollowed 5378777627 failed, trying next user
Подождите несколько минут, прежде чем пытаться снова.
Unfollowed 4169542856 failed, trying next user
Подождите несколько минут, прежде чем пытаться снова.
Unfollowed 3236976953 failed, trying next user
Подождите несколько минут, прежде чем пытаться снова.
Unfollowed 2683585159
Unfollowed 1801254759 failed, trying next user
Подождите несколько минут, прежде чем пытаться снова.
Unfollowed 4192953116 failed, trying next user
Подождите несколько минут, прежде чем пытаться снова.
Unfollowed 4488788935 failed, trying next user
Подождите несколько минут, прежде чем пытаться снова.
Unfollowed 3664376573 failed, trying next user
Подождите несколько минут, прежде чем пытаться снова.
Unfollowed 4769344662 failed, trying next user
Подождите несколько минут, прежде чем пытаться снова.
Unfollowed 5408516681
Unfollowed 4684182382
Unfollowed 2051818124
Unfollowed 3019747061 failed, trying next user
Подождите несколько минут, прежде чем пытаться снова.
Unfollowed 4794868792 failed, trying next user
Подождите несколько минут, прежде чем пытаться снова.
Unfollowed 4824416501
Unfollowed 4833296213
Unfollowed 4850239467
Unfollowed 4794408482
Unfollowed 4728355168
Unfollowed 342124289
Unfollowed 5380777142
Unfollowed 4293341317
Unfollowed 5355144971
Unfollowed 1432052833
Unfollowed 1959964357
Unfollowed 235103901 failed, trying next user
Подождите несколько минут, прежде чем пытаться снова.
Unfollowed 2188886528 failed, trying next user
Подождите несколько минут, прежде чем пытаться снова.
Unfollowed 5447287412 failed, trying next user
Подождите несколько минут, прежде чем пытаться снова.
Unfollowed 3008387963 failed, trying next user
Подождите несколько минут, прежде чем пытаться снова.
Unfollowed 1252178570 failed, trying next user
Подождите несколько минут, прежде чем пытаться снова.
Unfollowed 5354605559 failed, trying next user
Подождите несколько минут, прежде чем пытаться снова.
Unfollowed 3413397188 failed, trying next user
Подождите несколько минут, прежде чем пытаться снова.
Unfollowed 1178560023 failed, trying next user
Подождите несколько минут, прежде чем пытаться снова.
Unfollowed 5529687496 failed, trying next user
Подождите несколько минут, прежде чем пытаться снова.
Unfollowed 4572976033 failed, trying next user
Подождите несколько минут, прежде чем пытаться снова.
Unfollowed 5548613127 failed, trying next user
Подождите несколько минут, прежде чем пытаться снова.
Unfollowed 5357071064 failed, trying next user
Подождите несколько минут, прежде чем пытаться снова.
Unfollowed 4929716713 failed, trying next user
Подождите несколько минут, прежде чем пытаться снова.
Unfollowed 3567491606 failed, trying next user
Подождите несколько минут, прежде чем пытаться снова.
Unfollowed 235069765 failed, trying next user
Подождите несколько минут, прежде чем пытаться снова.
Unfollowed 3515476664 failed, trying next user
Подождите несколько минут, прежде чем пытаться снова.
Unfollowed 3451723459
Unfollowed 3514074732 failed, trying next user
Подождите несколько минут, прежде чем пытаться снова.
Unfollowed 1184279882 failed, trying next user
Подождите несколько минут, прежде чем пытаться снова.
Unfollowed 1235404453 failed, trying next user
Подождите несколько минут, прежде чем пытаться снова.
Unfollowed 275113793 failed, trying next user
Подождите несколько минут, прежде чем пытаться снова.
Unfollowed 5607129503 failed, trying next user
Подождите несколько минут, прежде чем пытаться снова.
Unfollowed 3537368439
Unfollowed 3280833111
Unfollowed 724903054
Unfollowed 540033020 failed, trying next user
Подождите несколько минут, прежде чем пытаться снова.
Unfollowed 3976583714 failed, trying next user
Подождите несколько минут, прежде чем пытаться снова.
Unfollowed 3020275179
Unfollowed 3892274651
Unfollowed 3600508204
Unfollowed 3980311893
Unfollowed 4244074666
Unfollowed 486101530
Unfollowed 3188361375
Unfollowed 3977394880
Unfollowed 3088461363
Unfollowed 2095693352
Unfollowed 2274120873
Unfollowed 6008407553 failed, trying next user
Подождите несколько минут, прежде чем пытаться снова.
Unfollowed 47606136 failed, trying next user
Подождите несколько минут, прежде чем пытаться снова.
Unfollowed 3194075938 failed, trying next user
Подождите несколько минут, прежде чем пытаться снова.
Unfollowed 3566174246 failed, trying next user
Подождите несколько минут, прежде чем пытаться снова.
Unfollowed 5646764674 failed, trying next user
Подождите несколько минут, прежде чем пытаться снова.
Unfollowed 3270387511 failed, trying next user
Подождите несколько минут, прежде чем пытаться снова.
Unfollowed 2947222890 failed, trying next user
Подождите несколько минут, прежде чем пытаться снова.
Unfollowed 35927186 failed, trying next user
Подождите несколько минут, прежде чем пытаться снова.
Unfollowed 4151301836 failed, trying next user
Подождите несколько минут, прежде чем пытаться снова.
Unfollowed 4153764625 failed, trying next user
Подождите несколько минут, прежде чем пытаться снова.
Unfollowed 255223624 failed, trying next user
Подождите несколько минут, прежде чем пытаться снова.
Unfollowed 229203283 failed, trying next user
Подождите несколько минут, прежде чем пытаться снова.
Unfollowed 2056534797 failed, trying next user
Подождите несколько минут, прежде чем пытаться снова.
Unfollowed 227956601 failed, trying next user
Подождите несколько минут, прежде чем пытаться снова.
Unfollowed 295421963 failed, trying next user
Подождите несколько минут, прежде чем пытаться снова.
Unfollowed 2167509253 failed, trying next user
Подождите несколько минут, прежде чем пытаться снова.
Unfollowed 6073768976
Unfollowed 479081230 failed, trying next user
Подождите несколько минут, прежде чем пытаться снова.
Unfollowed 4110945812 failed, trying next user
Подождите несколько минут, прежде чем пытаться снова.
Unfollowed 519826720 failed, trying next user
Подождите несколько минут, прежде чем пытаться снова.
Unfollowed 2228425738 failed, trying next user
Подождите несколько минут, прежде чем пытаться снова.
Unfollowed 5583606001 failed, trying next user
Подождите несколько минут, прежде чем пытаться снова.
Unfollowed 3018321248
Unfollowed 2126875815
Unfollowed 3966070907
Unfollowed 3228220574 failed, trying next user
Подождите несколько минут, прежде чем пытаться снова.
Unfollowed 2881638934 failed, trying next user
Подождите несколько минут, прежде чем пытаться снова.
Unfollowed 309154343
Unfollowed 3973610295
Unfollowed 4198846983
Unfollowed 1688364684
Unfollowed 1599427906
Unfollowed 426517172
Unfollowed 2239220542
Unfollowed 209526762
Unfollowed 298671859
Unfollowed 511078624
Unfollowed 3743764
Unfollowed 3443846562 failed, trying next user
Подождите несколько минут, прежде чем пытаться снова.
Unfollowed 632195276 failed, trying next user
Подождите несколько минут, прежде чем пытаться снова.
Unfollowed 3920884307 failed, trying next user
Подождите несколько минут, прежде чем пытаться снова.
Unfollowed 42080803 failed, trying next user
Подождите несколько минут, прежде чем пытаться снова.
Unfollowed 1941680742 failed, trying next user
Подождите несколько минут, прежде чем пытаться снова.
Unfollowed 956978216 failed, trying next user
Подождите несколько минут, прежде чем пытаться снова.
Unfollowed 1357160757 failed, trying next user
Подождите несколько минут, прежде чем пытаться снова.
Unfollowed 258236372 failed, trying next user
Подождите несколько минут, прежде чем пытаться снова.
Unfollowed 4675867910 failed, trying next user
Подождите несколько минут, прежде чем пытаться снова.
Unfollowed 2058605636 failed, trying next user
Подождите несколько минут, прежде чем пытаться снова.
Unfollowed 2937480810 failed, trying next user
Подождите несколько минут, прежде чем пытаться снова.
Unfollowed 33076544 failed, trying next user
Подождите несколько минут, прежде чем пытаться снова.
Unfollowed 1626199421 failed, trying next user
Подождите несколько минут, прежде чем пытаться снова.
Unfollowed 184530847 failed, trying next user
Подождите несколько минут, прежде чем пытаться снова.
Unfollowed 276890694 failed, trying next user
Подождите несколько минут, прежде чем пытаться снова.
Unfollowed 349980933 failed, trying next user
Подождите несколько минут, прежде чем пытаться снова.
Unfollowed 55372535
Unfollowed 6732537 failed, trying next user
Подождите несколько минут, прежде чем пытаться снова.
Unfollowed 215825908 failed, trying next user
Подождите несколько минут, прежде чем пытаться снова.
Unfollowed 5407822761 failed, trying next user
Подождите несколько минут, прежде чем пытаться снова.
Unfollowed 19043623 failed, trying next user
Подождите несколько минут, прежде чем пытаться снова.
Unfollowed 1969372775 failed, trying next user
Подождите несколько минут, прежде чем пытаться снова.
Unfollowed 3263828299
Unfollowed 265316238
Unfollowed 2312556419
Unfollowed 3217879426 failed, trying next user
Подождите несколько минут, прежде чем пытаться снова.
Unfollowed 337099178 failed, trying next user
Подождите несколько минут, прежде чем пытаться снова.
Unfollowed 3267028015
Unfollowed 2006688914
Unfollowed 3215207934
Unfollowed 649677370
Unfollowed 620038525
Unfollowed 1665054720
Unfollowed 9346266
Unfollowed 10500214
Unfollowed 12186459
Unfollowed 48010471
Unfollowed 16045992
Unfollowed 3082652820 failed, trying next user
Подождите несколько минут, прежде чем пытаться снова.
Unfollowed 1901463480 failed, trying next user
Подождите несколько минут, прежде чем пытаться снова.
Unfollowed 37981320 failed, trying next user
Подождите несколько минут, прежде чем пытаться снова.
Unfollowed 307111867 failed, trying next user
Подождите несколько минут, прежде чем пытаться снова.
Unfollowed 44150048 failed, trying next user
Подождите несколько минут, прежде чем пытаться снова.
Unfollowed 1022780798 failed, trying next user
Подождите несколько минут, прежде чем пытаться снова.
Unfollowed 5453953624 failed, trying next user
Подождите несколько минут, прежде чем пытаться снова.
Unfollowed 239600874 failed, trying next user
Подождите несколько минут, прежде чем пытаться снова.
Unfollowed 4027401542 failed, trying next user
Подождите несколько минут, прежде чем пытаться снова.
Unfollowed 287404785 failed, trying next user
Подождите несколько минут, прежде чем пытаться снова.
Unfollowed 22112752 failed, trying next user
Подождите несколько минут, прежде чем пытаться снова.
Unfollowed 2013343802 failed, trying next user
Подождите несколько минут, прежде чем пытаться снова.
Unfollowed 5674498652 failed, trying next user
Подождите несколько минут, прежде чем пытаться снова.
Unfollowed 187825627 failed, trying next user
Подождите несколько минут, прежде чем пытаться снова.
Unfollowed 419610660 failed, trying next user
Подождите несколько минут, прежде чем пытаться снова.
Unfollowed 3271284013 failed, trying next user
Подождите несколько минут, прежде чем пытаться снова.
Unfollowed 1986021847
Unfollowed 5814363008 failed, trying next user
Подождите несколько минут, прежде чем пытаться снова.
Unfollowed 2321325626 failed, trying next user
Подождите несколько минут, прежде чем пытаться снова.
Unfollowed 2288000680 failed, trying next user
Подождите несколько минут, прежде чем пытаться снова.
Unfollowed 29379315 failed, trying next user
Подождите несколько минут, прежде чем пытаться снова.
Unfollowed 1837868796 failed, trying next user
Подождите несколько минут, прежде чем пытаться снова.
Unfollowed 36403684
Unfollowed 5975918034
Unfollowed 2896072497
Unfollowed 4629735472 failed, trying next user
Подождите несколько минут, прежде чем пытаться снова.
Unfollowed 5781274678 failed, trying next user
Подождите несколько минут, прежде чем пытаться снова.
Unfollowed 264668303
Unfollowed 2230390739
Unfollowed 35582178
Unfollowed 3671471965
Unfollowed 11832095
Unfollowed 3213272346
Unfollowed 3668289194
Unfollowed 3514425564
Unfollowed 1084766016
Unfollowed 1638144379
Unfollowed 312433483
Unfollowed 3206819193 failed, trying next user
Подождите несколько минут, прежде чем пытаться снова.
Unfollowed 3905477369 failed, trying next user
Подождите несколько минут, прежде чем пытаться снова.
Unfollowed 3956724127 failed, trying next user
Подождите несколько минут, прежде чем пытаться снова.
Unfollowed 3624404052 failed, trying next user
Подождите несколько минут, прежде чем пытаться снова.
Unfollowed 4042831853 failed, trying next user
Подождите несколько минут, прежде чем пытаться снова.
Unfollowed 3486989263 failed, trying next user
Подождите несколько минут, прежде чем пытаться снова.
Unfollowed 47881336 failed, trying next user
Подождите несколько минут, прежде чем пытаться снова.
Unfollowed 2281160049 failed, trying next user
Подождите несколько минут, прежде чем пытаться снова.
Unfollowed 3652511791 failed, trying next user
Подождите несколько минут, прежде чем пытаться снова.
Unfollowed 2298364929 failed, trying next user
Подождите несколько минут, прежде чем пытаться снова.
Unfollowed 6233802251 failed, trying next user
Подождите несколько минут, прежде чем пытаться снова.
Unfollowed 1283746886 failed, trying next user
Подождите несколько минут, прежде чем пытаться снова.
Unfollowed 2069346748 failed, trying next user
Подождите несколько минут, прежде чем пытаться снова.
Unfollowed 3279259846 failed, trying next user
Подождите несколько минут, прежде чем пытаться снова.
Unfollowed 6003287254 failed, trying next user
Подождите несколько минут, прежде чем пытаться снова.
Unfollowed 5794240673 failed, trying next user
Подождите несколько минут, прежде чем пытаться снова.
Unfollowed 187725843
Unfollowed 1431765304 failed, trying next user
Подождите несколько минут, прежде чем пытаться снова.
Unfollowed 4490366961 failed, trying next user
Подождите несколько минут, прежде чем пытаться снова.
Unfollowed 4259345515 failed, trying next user
Подождите несколько минут, прежде чем пытаться снова.
Unfollowed 273996986 failed, trying next user
Подождите несколько минут, прежде чем пытаться снова.
Unfollowed 245625583 failed, trying next user
Подождите несколько минут, прежде чем пытаться снова.
Unfollowed 5994763185
Unfollowed 5877627314
Unfollowed 4886704380
Unfollowed 252179536 failed, trying next user
Подождите несколько минут, прежде чем пытаться снова.
Unfollowed 302726916 failed, trying next user
Подождите несколько минут, прежде чем пытаться снова.
Unfollowed 578663437
Unfollowed 229553022
Unfollowed 1131047
Unfollowed 5765337559
Unfollowed 4457362580
Unfollowed 6034383514
Unfollowed 3279241382
Unfollowed 5866877169
Unfollowed 222939854
Unfollowed 325972730
Unfollowed 5931924222
Unfollowed 178764723 failed, trying next user
Подождите несколько минут, прежде чем пытаться снова.
Unfollowed 5984054446 failed, trying next user
Подождите несколько минут, прежде чем пытаться снова.
Unfollowed 23586875 failed, trying next user
Подождите несколько минут, прежде чем пытаться снова.
Unfollowed 5940120667 failed, trying next user
Подождите несколько минут, прежде чем пытаться снова.
Unfollowed 6207232285 failed, trying next user
Подождите несколько минут, прежде чем пытаться снова.
Unfollowed 306504278 failed, trying next user
Подождите несколько минут, прежде чем пытаться снова.
Unfollowed 2273843763 failed, trying next user
Подождите несколько минут, прежде чем пытаться снова.
Unfollowed 28185975 failed, trying next user
Подождите несколько минут, прежде чем пытаться снова.
Unfollowed 6057661869 failed, trying next user
Подождите несколько минут, прежде чем пытаться снова.
Unfollowed 6279828680 failed, trying next user
Подождите несколько минут, прежде чем пытаться снова.
Unfollowed 1472495312 failed, trying next user
Подождите несколько минут, прежде чем пытаться снова.
Unfollowed 25690126 failed, trying next user
Подождите несколько минут, прежде чем пытаться снова.
Unfollowed 189973752 failed, trying next user
Подождите несколько минут, прежде чем пытаться снова.
Unfollowed 376702446 failed, trying next user
Подождите несколько минут, прежде чем пытаться снова.
Unfollowed 5675755686 failed, trying next user
Подождите несколько минут, прежде чем пытаться снова.
Unfollowed 4275129478 failed, trying next user
Подождите несколько минут, прежде чем пытаться снова.
Unfollowed 5312957373
Unfollowed 1499987265 failed, trying next user
Подождите несколько минут, прежде чем пытаться снова.
Unfollowed 6481161333 failed, trying next user
Подождите несколько минут, прежде чем пытаться снова.
Unfollowed 7778981 failed, trying next user
Подождите несколько минут, прежде чем пытаться снова.
Unfollowed 3581537630 failed, trying next user
Подождите несколько минут, прежде чем пытаться снова.
Unfollowed 2990804810
Unfollowed 3115198612
Unfollowed 181525286
Unfollowed 1813702893 failed, trying next user
Подождите несколько минут, прежде чем пытаться снова.
Unfollowed 1539679294 failed, trying next user
Подождите несколько минут, прежде чем пытаться снова.
Unfollowed 311746815 failed, trying next user
Подождите несколько минут, прежде чем пытаться снова.
Unfollowed 1005814673
Unfollowed 3795367572
Unfollowed 3617128521
Unfollowed 3002760005
Unfollowed 183003757
Unfollowed 324272936
Unfollowed 28281082
Unfollowed 4167124433
Unfollowed 19092069
Unfollowed 1906149833
Unfollowed 2277811766
Unfollowed 1426466563 failed, trying next user
Подождите несколько минут, прежде чем пытаться снова.
Unfollowed 532376518 failed, trying next user
Подождите несколько минут, прежде чем пытаться снова.
Unfollowed 220115111 failed, trying next user
Подождите несколько минут, прежде чем пытаться снова.
Unfollowed 458935115 failed, trying next user
Подождите несколько минут, прежде чем пытаться снова.
Unfollowed 338198788 failed, trying next user
Подождите несколько минут, прежде чем пытаться снова.
Unfollowed 563123359 failed, trying next user
Подождите несколько минут, прежде чем пытаться снова.
Unfollowed 2177944520 failed, trying next user
Подождите несколько минут, прежде чем пытаться снова.
Unfollowed 4746469657 failed, trying next user
Подождите несколько минут, прежде чем пытаться снова.
Unfollowed 1985114733 failed, trying next user
Подождите несколько минут, прежде чем пытаться снова.
Unfollowed 1710650171 failed, trying next user
Подождите несколько минут, прежде чем пытаться снова.
Unfollowed 19717934 failed, trying next user
Подождите несколько минут, прежде чем пытаться снова.
Unfollowed 299374157 failed, trying next user
Подождите несколько минут, прежде чем пытаться снова.
Unfollowed 1955976023 failed, trying next user
Подождите несколько минут, прежде чем пытаться снова.
Unfollowed 273179957 failed, trying next user
Подождите несколько минут, прежде чем пытаться снова.
Unfollowed 177577785 failed, trying next user
Подождите несколько минут, прежде чем пытаться снова.
Unfollowed 174058432 failed, trying next user
Подождите несколько минут, прежде чем пытаться снова.
Unfollowed 1800054585
Unfollowed 1916486638 failed, trying next user
Подождите несколько минут, прежде чем пытаться снова.
Unfollowed 834591800 failed, trying next user
Подождите несколько минут, прежде чем пытаться снова.
Unfollowed 7743221 failed, trying next user
Подождите несколько минут, прежде чем пытаться снова.
Unfollowed 298653842 failed, trying next user
Подождите несколько минут, прежде чем пытаться снова.
Unfollowed 310403303
Unfollowed 232721765
Unfollowed 174093016
Unfollowed 1553215129 failed, trying next user
Подождите несколько минут, прежде чем пытаться снова.
Unfollowed 763533478 failed, trying next user
Подождите несколько минут, прежде чем пытаться снова.
Unfollowed 39097158
Unfollowed 353813387
Unfollowed 1447232271
Unfollowed 1437190223
Unfollowed 28468687
Unfollowed 2006774366
Unfollowed 174191817
Unfollowed 1318001809
Unfollowed 1294969107
Unfollowed 1807028925
Unfollowed 28494656
Unfollowed 23451392 failed, trying next user
Подождите несколько минут, прежде чем пытаться снова.
Unfollowed 6953791 failed, trying next user
Подождите несколько минут, прежде чем пытаться снова.
Unfollowed 904845164 failed, trying next user
Подождите несколько минут, прежде чем пытаться снова.
Unfollowed 1306714417 failed, trying next user
Подождите несколько минут, прежде чем пытаться снова.
Unfollowed 236386236 failed, trying next user
Подождите несколько минут, прежде чем пытаться снова.
Unfollowed 290222250 failed, trying next user
Подождите несколько минут, прежде чем пытаться снова.
Unfollowed 1751162565 failed, trying next user
Подождите несколько минут, прежде чем пытаться снова.
Unfollowed 51419153 failed, trying next user
Подождите несколько минут, прежде чем пытаться снова.
Unfollowed 1730159319 failed, trying next user
Подождите несколько минут, прежде чем пытаться снова.
Unfollowed 232366594 failed, trying next user
Подождите несколько минут, прежде чем пытаться снова.
Unfollowed 7031575 failed, trying next user
Подождите несколько минут, прежде чем пытаться снова.
Unfollowed 24517146 failed, trying next user
Подождите несколько минут, прежде чем пытаться снова.
Unfollowed 1614867838 failed, trying next user
Подождите несколько минут, прежде чем пытаться снова.
Unfollowed 1090995616 failed, trying next user
Подождите несколько минут, прежде чем пытаться снова.
Unfollowed 11699465 failed, trying next user
Подождите несколько минут, прежде чем пытаться снова.
Unfollowed 298416635 failed, trying next user
Подождите несколько минут, прежде чем пытаться снова.
Unfollowed 1715234878
Unfollowed 44788778 failed, trying next user
Подождите несколько минут, прежде чем пытаться снова.
Unfollowed 346755708 failed, trying next user
Подождите несколько минут, прежде чем пытаться снова.
Unfollowed 327733231 failed, trying next user
Подождите несколько минут, прежде чем пытаться снова.
Unfollowed 254163146 failed, trying next user
Подождите несколько минут, прежде чем пытаться снова.
Unfollowed 937268958 failed, trying next user
Подождите несколько минут, прежде чем пытаться снова.
Unfollowed 1276005005
Unfollowed 1425815063
Unfollowed 1487213119
Unfollowed 1536114551 failed, trying next user
Подождите несколько минут, прежде чем пытаться снова.
Unfollowed 1537906955 failed, trying next user
Подождите несколько минут, прежде чем пытаться снова.
Unfollowed 1695821265
Unfollowed 1746039100
Unfollowed 1990081063
Unfollowed 1363800089
Unfollowed 1577486676
Unfollowed 1094320126
Unfollowed 1821871672
Unfollowed 1481591743
Unfollowed 1421222788
Unfollowed 1503166151
Unfollowed 301776428
Unfollowed 1799778104 failed, trying next user
Подождите несколько минут, прежде чем пытаться снова.
Unfollowed 1664961383 failed, trying next user
Подождите несколько минут, прежде чем пытаться снова.
Unfollowed 1937466475 failed, trying next user
Подождите несколько минут, прежде чем пытаться снова.
Unfollowed 341150489 failed, trying next user
Подождите несколько минут, прежде чем пытаться снова.
Unfollowed 241392099 failed, trying next user
Подождите несколько минут, прежде чем пытаться снова.
Unfollowed 41939591 failed, trying next user
Подождите несколько минут, прежде чем пытаться снова.
Unfollowed 1272740773 failed, trying next user
Подождите несколько минут, прежде чем пытаться снова.
Unfollowed 1340753318 failed, trying next user
Подождите несколько минут, прежде чем пытаться снова.
Unfollowed 269018544 failed, trying next user
Подождите несколько минут, прежде чем пытаться снова.
Unfollowed 264401252 failed, trying next user
Подождите несколько минут, прежде чем пытаться снова.
Unfollowed 2059419105 failed, trying next user
Подождите несколько минут, прежде чем пытаться снова.
Unfollowed 1356717873 failed, trying next user
Подождите несколько минут, прежде чем пытаться снова.
Unfollowed 277396248 failed, trying next user
Подождите несколько минут, прежде чем пытаться снова.
Unfollowed 1917389106 failed, trying next user
Подождите несколько минут, прежде чем пытаться снова.
Unfollowed 1589238049 failed, trying next user
Подождите несколько минут, прежде чем пытаться снова.
Unfollowed 2032525917 failed, trying next user
Подождите несколько минут, прежде чем пытаться снова.
Unfollowed 27417567
Unfollowed 1169492826 failed, trying next user
Подождите несколько минут, прежде чем пытаться снова.
Unfollowed 2072335242 failed, trying next user
Подождите несколько минут, прежде чем пытаться снова.
Unfollowed 1997301744 failed, trying next user
Подождите несколько минут, прежде чем пытаться снова.
Unfollowed 1944877603 failed, trying next user
Подождите несколько минут, прежде чем пытаться снова.
Unfollowed 11145455 failed, trying next user
Подождите несколько минут, прежде чем пытаться снова.
Unfollowed 175098759
Unfollowed 21901300
Unfollowed 24308559
Unfollowed 264148704 failed, trying next user
Подождите несколько минут, прежде чем пытаться снова.
Unfollowed 266024269 failed, trying next user
Подождите несколько минут, прежде чем пытаться снова.
Unfollowed 1193930957
Unfollowed 53328858
Unfollowed 275917640
Unfollowed 1351101902
Unfollowed 2087291462
Unfollowed 186776506
Unfollowed 1979157735
Unfollowed 19789615
Unfollowed 249364698
Unfollowed 243881057
Unfollowed 1402299176
Unfollowed 243622700 failed, trying next user
Подождите несколько минут, прежде чем пытаться снова.
Unfollowed 1351966980 failed, trying next user
Подождите несколько минут, прежде чем пытаться снова.
Unfollowed 1288274341 failed, trying next user
Подождите несколько минут, прежде чем пытаться снова.
Unfollowed 354822205 failed, trying next user
Подождите несколько минут, прежде чем пытаться снова.
Unfollowed 314549383 failed, trying next user
Подождите несколько минут, прежде чем пытаться снова.
Unfollowed 52916865 failed, trying next user
Подождите несколько минут, прежде чем пытаться снова.
Unfollowed 916463077 failed, trying next user
Подождите несколько минут, прежде чем пытаться снова.
Unfollowed 273913207 failed, trying next user
Подождите несколько минут, прежде чем пытаться снова.
Unfollowed 1942017096 failed, trying next user
Подождите несколько минут, прежде чем пытаться снова.
Unfollowed 11071394 failed, trying next user
Подождите несколько минут, прежде чем пытаться снова.
Unfollowed 1661021711 failed, trying next user
Подождите несколько минут, прежде чем пытаться снова.
Unfollowed 1938986 failed, trying next user
Подождите несколько минут, прежде чем пытаться снова.
Unfollowed 5230960 failed, trying next user
Подождите несколько минут, прежде чем пытаться снова.
Unfollowed 13909728 failed, trying next user
Подождите несколько минут, прежде чем пытаться снова.
Unfollowed 25826814 failed, trying next user
Подождите несколько минут, прежде чем пытаться снова.
Unfollowed 1459828065 failed, trying next user
Подождите несколько минут, прежде чем пытаться снова.
Unfollowed 1646430599
Unfollowed 41803298 failed, trying next user
Подождите несколько минут, прежде чем пытаться снова.
Unfollowed 278937727 failed, trying next user
Подождите несколько минут, прежде чем пытаться снова.
Unfollowed 238147308 failed, trying next user
Подождите несколько минут, прежде чем пытаться снова.
Unfollowed 1944889106 failed, trying next user
Подождите несколько минут, прежде чем пытаться снова.
Unfollowed 263354239 failed, trying next user
Подождите несколько минут, прежде чем пытаться снова.
Unfollowed 764509203
Unfollowed 1628899401
Unfollowed 181411811
Unfollowed 2037784828 failed, trying next user
Подождите несколько минут, прежде чем пытаться снова.
Unfollowed 1600349548 failed, trying next user
Подождите несколько минут, прежде чем пытаться снова.
Unfollowed 1951221275
Unfollowed 55408277
Unfollowed 1499316132
Unfollowed 1707044416
Unfollowed 298366648
Unfollowed 1393048626
Unfollowed 327333437
Unfollowed 2013501527
Unfollowed 2101284257
Unfollowed 10185622
Unfollowed 18679366
Unfollowed 1964272432 failed, trying next user
Подождите несколько минут, прежде чем пытаться снова.
Unfollowed 1586229949 failed, trying next user
Подождите несколько минут, прежде чем пытаться снова.
Unfollowed 1980090020 failed, trying next user
Подождите несколько минут, прежде чем пытаться снова.
Unfollowed 178463704 failed, trying next user
Подождите несколько минут, прежде чем пытаться снова.
Unfollowed 226407340 failed, trying next user
Подождите несколько минут, прежде чем пытаться снова.
Unfollowed 1985359795 failed, trying next user
Подождите несколько минут, прежде чем пытаться снова.
Unfollowed 42712645 failed, trying next user
Подождите несколько минут, прежде чем пытаться снова.
Unfollowed 45672936 failed, trying next user
Подождите несколько минут, прежде чем пытаться снова.
Unfollowed 54519384 failed, trying next user
Подождите несколько минут, прежде чем пытаться снова.
Unfollowed 1152954516 failed, trying next user
Подождите несколько минут, прежде чем пытаться снова.
Unfollowed 6840986 failed, trying next user
Подождите несколько минут, прежде чем пытаться снова.
Unfollowed 1796520869 failed, trying next user
Подождите несколько минут, прежде чем пытаться снова.
Unfollowed 1705609089 failed, trying next user
Подождите несколько минут, прежде чем пытаться снова.
Unfollowed 145043707 failed, trying next user
Подождите несколько минут, прежде чем пытаться снова.
Unfollowed 143534614 failed, trying next user
Подождите несколько минут, прежде чем пытаться снова.
Unfollowed 40250470 failed, trying next user
Подождите несколько минут, прежде чем пытаться снова.
Unfollowed 302274070
Unfollowed 1545268639 failed, trying next user
Подождите несколько минут, прежде чем пытаться снова.
Unfollowed 1490059364 failed, trying next user
Подождите несколько минут, прежде чем пытаться снова.
Unfollowed 1418971800 failed, trying next user
Подождите несколько минут, прежде чем пытаться снова.
Unfollowed 11129133 failed, trying next user
Подождите несколько минут, прежде чем пытаться снова.
Unfollowed 311656068
Unfollowed 226218806
Unfollowed 337750368
Unfollowed 287704177 failed, trying next user
Подождите несколько минут, прежде чем пытаться снова.
Unfollowed 647381167 failed, trying next user
Подождите несколько минут, прежде чем пытаться снова.
Unfollowed 1254615276 failed, trying next user
Подождите несколько минут, прежде чем пытаться снова.
Unfollowed 49165542
Unfollowed 1494598873
Unfollowed 862396823
Unfollowed 45126349
Unfollowed 267885448
Unfollowed 1396561520
Unfollowed 1687675625
Unfollowed 188316500
Unfollowed 1439139718
Unfollowed 1913054573
Unfollowed 302228741
Unfollowed 277451045 failed, trying next user
Подождите несколько минут, прежде чем пытаться снова.
Unfollowed 229951304 failed, trying next user
Подождите несколько минут, прежде чем пытаться снова.
Unfollowed 1084319180 failed, trying next user
Подождите несколько минут, прежде чем пытаться снова.
Unfollowed 2027691273 failed, trying next user
Подождите несколько минут, прежде чем пытаться снова.
Unfollowed 1527908196 failed, trying next user
Подождите несколько минут, прежде чем пытаться снова.
Unfollowed 1580479678 failed, trying next user
Подождите несколько минут, прежде чем пытаться снова.
Unfollowed 1919053161 failed, trying next user
Подождите несколько минут, прежде чем пытаться снова.
Unfollowed 1365713387 failed, trying next user
Подождите несколько минут, прежде чем пытаться снова.
Unfollowed 1478712265 failed, trying next user
Подождите несколько минут, прежде чем пытаться снова.
Unfollowed 2001564947 failed, trying next user
Подождите несколько минут, прежде чем пытаться снова.
Unfollowed 2033138485 failed, trying next user
Подождите несколько минут, прежде чем пытаться снова.
Unfollowed 1960538817 failed, trying next user
Подождите несколько минут, прежде чем пытаться снова.
Unfollowed 1678490134 failed, trying next user
Подождите несколько минут, прежде чем пытаться снова.
Unfollowed 314255589 failed, trying next user
Подождите несколько минут, прежде чем пытаться снова.
Unfollowed 54434105 failed, trying next user
Подождите несколько минут, прежде чем пытаться снова.
Unfollowed 797272580 failed, trying next user
Подождите несколько минут, прежде чем пытаться снова.
Unfollowed 275184988
Unfollowed 246887248 failed, trying next user
Подождите несколько минут, прежде чем пытаться снова.
Unfollowed 970767800 failed, trying next user
Подождите несколько минут, прежде чем пытаться снова.
Unfollowed 1550992166 failed, trying next user
Подождите несколько минут, прежде чем пытаться снова.
Unfollowed 366552338 failed, trying next user
Подождите несколько минут, прежде чем пытаться снова.
Unfollowed 1817274899
Unfollowed 327238132
Unfollowed 1106963232
Unfollowed 1330420211 failed, trying next user
Подождите несколько минут, прежде чем пытаться снова.
Unfollowed 19040938 failed, trying next user
Подождите несколько минут, прежде чем пытаться снова.
Unfollowed 4328644040
Unfollowed 1556402383
Unfollowed 1545294124
Unfollowed 12328120
Unfollowed 987103343
Unfollowed 1928485233
Unfollowed 5369746129
Unfollowed 1821331576
Unfollowed 254442692
Unfollowed 1362519667
Unfollowed 190817150
Unfollowed 5662556699 failed, trying next user
Подождите несколько минут, прежде чем пытаться снова.
Unfollowed 5717926993 failed, trying next user
Подождите несколько минут, прежде чем пытаться снова.
Unfollowed 22182179 failed, trying next user
Подождите несколько минут, прежде чем пытаться снова.
Unfollowed 3291054504 failed, trying next user
Подождите несколько минут, прежде чем пытаться снова.
Unfollowed 442993308 failed, trying next user
Подождите несколько минут, прежде чем пытаться снова.
Unfollowed 325569417 failed, trying next user
Подождите несколько минут, прежде чем пытаться снова.
Unfollowed 4581996208 failed, trying next user
Подождите несколько минут, прежде чем пытаться снова.
Unfollowed 2227569857 failed, trying next user
Подождите несколько минут, прежде чем пытаться снова.
Unfollowed 3609200180 failed, trying next user
Подождите несколько минут, прежде чем пытаться снова.
Unfollowed 1579737573 failed, trying next user
Подождите несколько минут, прежде чем пытаться снова.
Unfollowed 326436559 failed, trying next user
Подождите несколько минут, прежде чем пытаться снова.
Unfollowed 5593076640 failed, trying next user
Подождите несколько минут, прежде чем пытаться снова.
Unfollowed 5600329954 failed, trying next user
Подождите несколько минут, прежде чем пытаться снова.
Unfollowed 308745544 failed, trying next user
Подождите несколько минут, прежде чем пытаться снова.
Unfollowed 6830458 failed, trying next user
Подождите несколько минут, прежде чем пытаться снова.
Unfollowed 5645341912 failed, trying next user
Подождите несколько минут, прежде чем пытаться снова.
Unfollowed 5672019820
Unfollowed 3448920190 failed, trying next user
Подождите несколько минут, прежде чем пытаться снова.
Unfollowed 5718567376 failed, trying next user
Подождите несколько минут, прежде чем пытаться снова.
Unfollowed 288447217 failed, trying next user
Подождите несколько минут, прежде чем пытаться снова.
Unfollowed 5619736375 failed, trying next user
Подождите несколько минут, прежде чем пытаться снова.
Unfollowed 368262065 failed, trying next user
Подождите несколько минут, прежде чем пытаться снова.
Unfollowed 1822202433
Unfollowed 5580778895
Unfollowed 3187264811
Unfollowed 4188465587 failed, trying next user
Подождите несколько минут, прежде чем пытаться снова.
Unfollowed 228046304 failed, trying next user
Подождите несколько минут, прежде чем пытаться снова.
Unfollowed 681654245
Unfollowed 5708933916
Unfollowed 1649272324
Unfollowed 1904459055
Unfollowed 464636745
Unfollowed 523034338
Unfollowed 3317596607
Unfollowed 5379884758
Unfollowed 235431452
Unfollowed 4294940632
Unfollowed 2312412890
Unfollowed 4212785815 failed, trying next user
Подождите несколько минут, прежде чем пытаться снова.
Unfollowed 12373037 failed, trying next user
Подождите несколько минут, прежде чем пытаться снова.
Unfollowed 5727361540 failed, trying next user
Подождите несколько минут, прежде чем пытаться снова.
Unfollowed 1973618847 failed, trying next user
Подождите несколько минут, прежде чем пытаться снова.
Unfollowed 5644589878 failed, trying next user
Подождите несколько минут, прежде чем пытаться снова.
Unfollowed 2356108087 failed, trying next user
Подождите несколько минут, прежде чем пытаться снова.
Unfollowed 3074653606 failed, trying next user
Подождите несколько минут, прежде чем пытаться снова.
Unfollowed 3196182715 failed, trying next user
Подождите несколько минут, прежде чем пытаться снова.
Unfollowed 4177765722 failed, trying next user
Подождите несколько минут, прежде чем пытаться снова.
Unfollowed 5603727968 failed, trying next user
Подождите несколько минут, прежде чем пытаться снова.
Unfollowed 5726495453 failed, trying next user
Подождите несколько минут, прежде чем пытаться снова.
Unfollowed 9421720 failed, trying next user
Подождите несколько минут, прежде чем пытаться снова.
Unfollowed 5679141174 failed, trying next user
Подождите несколько минут, прежде чем пытаться снова.
Unfollowed 33371464 failed, trying next user
Подождите несколько минут, прежде чем пытаться снова.
Unfollowed 1564706224 failed, trying next user
Подождите несколько минут, прежде чем пытаться снова.
Unfollowed 5613148937 failed, trying next user
Подождите несколько минут, прежде чем пытаться снова.
Unfollowed 4836706627
Unfollowed 31069174 failed, trying next user
Подождите несколько минут, прежде чем пытаться снова.
Unfollowed 1445908718 failed, trying next user
Подождите несколько минут, прежде чем пытаться снова.
Unfollowed 5709528953 failed, trying next user
Подождите несколько минут, прежде чем пытаться снова.
Unfollowed 3217041955 failed, trying next user
Подождите несколько минут, прежде чем пытаться снова.
Unfollowed 1817407021 failed, trying next user
Подождите несколько минут, прежде чем пытаться снова.
Unfollowed 4202237670
Unfollowed 5727035063
Unfollowed 44080720
Unfollowed 596526517 failed, trying next user
Подождите несколько минут, прежде чем пытаться снова.
Unfollowed 5728737112 failed, trying next user
Подождите несколько минут, прежде чем пытаться снова.
Unfollowed 3951401681
Unfollowed 3533647172
Unfollowed 2681702874
Unfollowed 5527683348
Unfollowed 1692327635
Unfollowed 1372718517
Unfollowed 1257962095
Unfollowed 5732972039
Unfollowed 5725141287
Unfollowed 673729755
Unfollowed 5668094067
Unfollowed 2850656828 failed, trying next user
Подождите несколько минут, прежде чем пытаться снова.
Unfollowed 260600224 failed, trying next user
Подождите несколько минут, прежде чем пытаться снова.
Unfollowed 5358713160 failed, trying next user
Подождите несколько минут, прежде чем пытаться снова.
Unfollowed 259566092 failed, trying next user
Подождите несколько минут, прежде чем пытаться снова.
Unfollowed 5656923737 failed, trying next user
Подождите несколько минут, прежде чем пытаться снова.
Unfollowed 283195080 failed, trying next user
Подождите несколько минут, прежде чем пытаться снова.
Unfollowed 417267433 failed, trying next user
Подождите несколько минут, прежде чем пытаться снова.
Unfollowed 5138473113 failed, trying next user
Подождите несколько минут, прежде чем пытаться снова.
Unfollowed 5726024221 failed, trying next user
Подождите несколько минут, прежде чем пытаться снова.
Unfollowed 2080960630 failed, trying next user
Подождите несколько минут, прежде чем пытаться снова.
Unfollowed 374830237 failed, trying next user
Подождите несколько минут, прежде чем пытаться снова.
Unfollowed 181888253 failed, trying next user
Подождите несколько минут, прежде чем пытаться снова.
Unfollowed 1817890045 failed, trying next user
Подождите несколько минут, прежде чем пытаться снова.
Unfollowed 408081671 failed, trying next user
Подождите несколько минут, прежде чем пытаться снова.
Unfollowed 5722640952 failed, trying next user
Подождите несколько минут, прежде чем пытаться снова.
Unfollowed 475082434 failed, trying next user
Подождите несколько минут, прежде чем пытаться снова.
Unfollowed 12502599
Unfollowed 4788282886 failed, trying next user
Подождите несколько минут, прежде чем пытаться снова.
Unfollowed 425365374 failed, trying next user
Подождите несколько минут, прежде чем пытаться снова.
Unfollowed 4544441655 failed, trying next user
Подождите несколько минут, прежде чем пытаться снова.
Unfollowed 2633458288 failed, trying next user
Подождите несколько минут, прежде чем пытаться снова.
Unfollowed 1470251783 failed, trying next user
Подождите несколько минут, прежде чем пытаться снова.
Unfollowed 2153854392
Unfollowed 2284036152
Unfollowed 5476888046
Unfollowed 2239787338 failed, trying next user
Подождите несколько минут, прежде чем пытаться снова.
Unfollowed 2955628596 failed, trying next user
Подождите несколько минут, прежде чем пытаться снова.
Unfollowed 5710593972
Unfollowed 1476482461
Unfollowed 4135747511
Unfollowed 2216775284
Unfollowed 5740595094
Unfollowed 346947441
Unfollowed 4558465717
Unfollowed 1634933429
Unfollowed 3066129797
Unfollowed 3108157013
Unfollowed 219434983
Unfollowed 3131616329 failed, trying next user
Подождите несколько минут, прежде чем пытаться снова.
Unfollowed 3026704888 failed, trying next user
Подождите несколько минут, прежде чем пытаться снова.
Unfollowed 365923872 failed, trying next user
Подождите несколько минут, прежде чем пытаться снова.
Unfollowed 1124015709 failed, trying next user
Подождите несколько минут, прежде чем пытаться снова.
Unfollowed 1507892258 failed, trying next user
Подождите несколько минут, прежде чем пытаться снова.
Unfollowed 3286710215 failed, trying next user
Подождите несколько минут, прежде чем пытаться снова.
Unfollowed 5488438416 failed, trying next user
Подождите несколько минут, прежде чем пытаться снова.
Unfollowed 1035267696 failed, trying next user
Подождите несколько минут, прежде чем пытаться снова.
Unfollowed 4912741383 failed, trying next user
Подождите несколько минут, прежде чем пытаться снова.
Unfollowed 5698442674 failed, trying next user
Подождите несколько минут, прежде чем пытаться снова.
Unfollowed 203751440 failed, trying next user
Подождите несколько минут, прежде чем пытаться снова.
Unfollowed 4131446494 failed, trying next user
Подождите несколько минут, прежде чем пытаться снова.
Unfollowed 248747926 failed, trying next user
Подождите несколько минут, прежде чем пытаться снова.
Unfollowed 4220593823 failed, trying next user
Подождите несколько минут, прежде чем пытаться снова.
Unfollowed 1746039547 failed, trying next user
Подождите несколько минут, прежде чем пытаться снова.
Unfollowed 1333427673 failed, trying next user
Подождите несколько минут, прежде чем пытаться снова.
Unfollowed 174332749
Unfollowed 3571373350 failed, trying next user
Подождите несколько минут, прежде чем пытаться снова.
Unfollowed 1383961641 failed, trying next user
Подождите несколько минут, прежде чем пытаться снова.
Unfollowed 5685309179 failed, trying next user
Подождите несколько минут, прежде чем пытаться снова.
Unfollowed 2276069339 failed, trying next user
Подождите несколько минут, прежде чем пытаться снова.
Unfollowed 5461620457 failed, trying next user
Подождите несколько минут, прежде чем пытаться снова.
Unfollowed 344229520
Unfollowed 5367043046
Unfollowed 5607782645
Unfollowed 5413733840 failed, trying next user
Подождите несколько минут, прежде чем пытаться снова.
Unfollowed 5749320982 failed, trying next user
Подождите несколько минут, прежде чем пытаться снова.
Unfollowed 21017416
Unfollowed 3929518173
Unfollowed 4201688644
Unfollowed 2204233306
Unfollowed 289275643
Unfollowed 4757538
Unfollowed 5475604148
Unfollowed 2093423507
Unfollowed 330831315
Unfollowed 1119837149
Unfollowed 104987709
Unfollowed 5695707244 failed, trying next user
Подождите несколько минут, прежде чем пытаться снова.
Unfollowed 1680224647 failed, trying next user
Подождите несколько минут, прежде чем пытаться снова.
Unfollowed 5691931420 failed, trying next user
Подождите несколько минут, прежде чем пытаться снова.
Unfollowed 2289585607 failed, trying next user
Подождите несколько минут, прежде чем пытаться снова.
Unfollowed 3119604918 failed, trying next user
Подождите несколько минут, прежде чем пытаться снова.
Unfollowed 5723840434 failed, trying next user
Подождите несколько минут, прежде чем пытаться снова.
Unfollowed 5564652334 failed, trying next user
Подождите несколько минут, прежде чем пытаться снова.
Unfollowed 5677813784 failed, trying next user
Подождите несколько минут, прежде чем пытаться снова.
Unfollowed 1920652081 failed, trying next user
Подождите несколько минут, прежде чем пытаться снова.
Unfollowed 176538211 failed, trying next user
Подождите несколько минут, прежде чем пытаться снова.
Unfollowed 5406930974 failed, trying next user
Подождите несколько минут, прежде чем пытаться снова.
Unfollowed 2309140418 failed, trying next user
Подождите несколько минут, прежде чем пытаться снова.
Unfollowed 5753705248 failed, trying next user
Подождите несколько минут, прежде чем пытаться снова.
Unfollowed 2691171583 failed, trying next user
Подождите несколько минут, прежде чем пытаться снова.
Unfollowed 2283860278 failed, trying next user
Подождите несколько минут, прежде чем пытаться снова.
Unfollowed 5975619934 failed, trying next user
Подождите несколько минут, прежде чем пытаться снова.
Unfollowed 4277372801
Unfollowed 5945050073 failed, trying next user
Подождите несколько минут, прежде чем пытаться снова.
Unfollowed 236208938 failed, trying next user
Подождите несколько минут, прежде чем пытаться снова.
Unfollowed 6009264351 failed, trying next user
Подождите несколько минут, прежде чем пытаться снова.
Unfollowed 3317045947 failed, trying next user
Подождите несколько минут, прежде чем пытаться снова.
Unfollowed 5992017495 failed, trying next user
Подождите несколько минут, прежде чем пытаться снова.
Unfollowed 3532635200
Unfollowed 5349054744
Unfollowed 4146781672
Unfollowed 370639508 failed, trying next user
Подождите несколько минут, прежде чем пытаться снова.
Unfollowed 3879095 failed, trying next user
Подождите несколько минут, прежде чем пытаться снова.
Unfollowed 261568739
Unfollowed 3510257225
Unfollowed 5484109468
Unfollowed 3829744010
Unfollowed 5379773847
Unfollowed 5816540902
Unfollowed 1650121236
Unfollowed 6101560053
Unfollowed 4887528608
Unfollowed 4944027253
Unfollowed 654753770
Unfollowed 5653487326 failed, trying next user
Подождите несколько минут, прежде чем пытаться снова.
Unfollowed 5404025934 failed, trying next user
Подождите несколько минут, прежде чем пытаться снова.
Unfollowed 311729717 failed, trying next user
Подождите несколько минут, прежде чем пытаться снова.
Unfollowed 5608154267 failed, trying next user
Подождите несколько минут, прежде чем пытаться снова.
Unfollowed 5421033426 failed, trying next user
Подождите несколько минут, прежде чем пытаться снова.
Unfollowed 5622183923 failed, trying next user
Подождите несколько минут, прежде чем пытаться снова.
Unfollowed 214769147 failed, trying next user
Подождите несколько минут, прежде чем пытаться снова.
Unfollowed 5003318335 failed, trying next user
Подождите несколько минут, прежде чем пытаться снова.
Unfollowed 1702450010 failed, trying next user
Подождите несколько минут, прежде чем пытаться снова.
Unfollowed 5594687451 failed, trying next user
Подождите несколько минут, прежде чем пытаться снова.
Unfollowed 3219511811 failed, trying next user
Подождите несколько минут, прежде чем пытаться снова.
Unfollowed 4694546124 failed, trying next user
Подождите несколько минут, прежде чем пытаться снова.
Unfollowed 4862226028 failed, trying next user
Подождите несколько минут, прежде чем пытаться снова.
Unfollowed 1262677969 failed, trying next user
Подождите несколько минут, прежде чем пытаться снова.
Unfollowed 406957815 failed, trying next user
Подождите несколько минут, прежде чем пытаться снова.
Unfollowed 5529185343 failed, trying next user
Подождите несколько минут, прежде чем пытаться снова.
Unfollowed 5663393138
Unfollowed 436265799 failed, trying next user
Подождите несколько минут, прежде чем пытаться снова.
Unfollowed 3426655747 failed, trying next user
Подождите несколько минут, прежде чем пытаться снова.
Unfollowed 1182789814 failed, trying next user
Подождите несколько минут, прежде чем пытаться снова.
Unfollowed 4179323692 failed, trying next user
Подождите несколько минут, прежде чем пытаться снова.
Unfollowed 224814347 failed, trying next user
Подождите несколько минут, прежде чем пытаться снова.
Unfollowed 2273024567
Unfollowed 4958974034
Unfollowed 5711663594
Unfollowed 488037704 failed, trying next user
Подождите несколько минут, прежде чем пытаться снова.
Unfollowed 1812934652 failed, trying next user
Подождите несколько минут, прежде чем пытаться снова.
Unfollowed 1096776280
Unfollowed 5412466199
Unfollowed 14789906
Unfollowed 177070510
Unfollowed 1155705149
Unfollowed 5748151250
Unfollowed 5629844066
Unfollowed 5588653923
Unfollowed 4920498204
Unfollowed 3973621214
Unfollowed 21111679
Unfollowed 216035030 failed, trying next user
Подождите несколько минут, прежде чем пытаться снова.
Unfollowed 3970151962 failed, trying next user
Подождите несколько минут, прежде чем пытаться снова.
Unfollowed 635436553 failed, trying next user
Подождите несколько минут, прежде чем пытаться снова.
Unfollowed 185674286 failed, trying next user
Подождите несколько минут, прежде чем пытаться снова.
Unfollowed 4821981 failed, trying next user
Подождите несколько минут, прежде чем пытаться снова.
Unfollowed 272027274 failed, trying next user
Подождите несколько минут, прежде чем пытаться снова.
Unfollowed 1771207937 failed, trying next user
Подождите несколько минут, прежде чем пытаться снова.
Unfollowed 578287462 failed, trying next user
Подождите несколько минут, прежде чем пытаться снова.
Unfollowed 319511440 failed, trying next user
Подождите несколько минут, прежде чем пытаться снова.
Unfollowed 54221791 failed, trying next user
Подождите несколько минут, прежде чем пытаться снова.
Unfollowed 1288344152 failed, trying next user
Подождите несколько минут, прежде чем пытаться снова.
Unfollowed 6706324572 failed, trying next user
Подождите несколько минут, прежде чем пытаться снова.
Unfollowed 6078497217 failed, trying next user
Подождите несколько минут, прежде чем пытаться снова.
Unfollowed 1619866639 failed, trying next user
Подождите несколько минут, прежде чем пытаться снова.
Unfollowed 4771314738 failed, trying next user
Подождите несколько минут, прежде чем пытаться снова.
Unfollowed 3240135999 failed, trying next user
Подождите несколько минут, прежде чем пытаться снова.
Unfollowed 5519241185
Unfollowed 5512444498 failed, trying next user
Подождите несколько минут, прежде чем пытаться снова.
Unfollowed 36764724 failed, trying next user
Подождите несколько минут, прежде чем пытаться снова.
Unfollowed 231548377 failed, trying next user
Подождите несколько минут, прежде чем пытаться снова.
Unfollowed 5781019020 failed, trying next user
Подождите несколько минут, прежде чем пытаться снова.
Unfollowed 492013743 failed, trying next user
Подождите несколько минут, прежде чем пытаться снова.
Unfollowed 5572519118
Unfollowed 3891907277
Unfollowed 23167646
Unfollowed 5975948499 failed, trying next user
Подождите несколько минут, прежде чем пытаться снова.
Unfollowed 6051579450 failed, trying next user
Подождите несколько минут, прежде чем пытаться снова.
Unfollowed 2097613182
Unfollowed 228635129
Unfollowed 5477458358
Unfollowed 1067379250
Unfollowed 186342009
Unfollowed 2263773950
Unfollowed 6142353670
Unfollowed 18849087
Unfollowed 506277584
Unfollowed 451832480
Unfollowed 989995297
Unfollowed 4458208529 failed, trying next user
Подождите несколько минут, прежде чем пытаться снова.
Unfollowed 5949696961 failed, trying next user
Подождите несколько минут, прежде чем пытаться снова.
Unfollowed 3677550472 failed, trying next user
Подождите несколько минут, прежде чем пытаться снова.
Unfollowed 1343375747 failed, trying next user
Подождите несколько минут, прежде чем пытаться снова.
Unfollowed 1975513267 failed, trying next user
Подождите несколько минут, прежде чем пытаться снова.
Unfollowed 3499508603 failed, trying next user
Подождите несколько минут, прежде чем пытаться снова.
Unfollowed 1661427140 failed, trying next user
Подождите несколько минут, прежде чем пытаться снова.
Unfollowed 2365400944 failed, trying next user
Подождите несколько минут, прежде чем пытаться снова.
Unfollowed 6013480151 failed, trying next user
Подождите несколько минут, прежде чем пытаться снова.
Unfollowed 5626034978 failed, trying next user
Подождите несколько минут, прежде чем пытаться снова.
Unfollowed 255739776 failed, trying next user
Подождите несколько минут, прежде чем пытаться снова.
Unfollowed 6056052171 failed, trying next user
Подождите несколько минут, прежде чем пытаться снова.
Unfollowed 3473367013 failed, trying next user
Подождите несколько минут, прежде чем пытаться снова.
Unfollowed 737442954 failed, trying next user
Подождите несколько минут, прежде чем пытаться снова.
Unfollowed 358584813 failed, trying next user
Подождите несколько минут, прежде чем пытаться снова.
Unfollowed 228476635 failed, trying next user
Подождите несколько минут, прежде чем пытаться снова.
Unfollowed 5756355956
Unfollowed 3437782001 failed, trying next user
Подождите несколько минут, прежде чем пытаться снова.
Unfollowed 1463581396 failed, trying next user
Подождите несколько минут, прежде чем пытаться снова.
Unfollowed 6206584358 failed, trying next user
Подождите несколько минут, прежде чем пытаться снова.
Unfollowed 2963628201 failed, trying next user
Подождите несколько минут, прежде чем пытаться снова.
Unfollowed 4652496310
Unfollowed 4076129867
Unfollowed 6117153400
Unfollowed 1651638020 failed, trying next user
Подождите несколько минут, прежде чем пытаться снова.
Unfollowed 6164726701 failed, trying next user
Подождите несколько минут, прежде чем пытаться снова.
Unfollowed 6224917570 failed, trying next user
Подождите несколько минут, прежде чем пытаться снова.
Unfollowed 6233137971
Unfollowed 5779610242
Unfollowed 6236667306
Unfollowed 530191103
Unfollowed 3234526387
Unfollowed 5365068561
Unfollowed 4256455445
Unfollowed 4768080156
Unfollowed 2647845419
Unfollowed 6276236754
Unfollowed 1413442325
Unfollowed 6233331307 failed, trying next user
Подождите несколько минут, прежде чем пытаться снова.
Unfollowed 6280063977 failed, trying next user
Подождите несколько минут, прежде чем пытаться снова.
Unfollowed 2164493546 failed, trying next user
Подождите несколько минут, прежде чем пытаться снова.
Unfollowed 6278641141 failed, trying next user
Подождите несколько минут, прежде чем пытаться снова.
Unfollowed 6081484689 failed, trying next user
Подождите несколько минут, прежде чем пытаться снова.
Unfollowed 1421364357 failed, trying next user
Подождите несколько минут, прежде чем пытаться снова.
Unfollowed 2539560849 failed, trying next user
Подождите несколько минут, прежде чем пытаться снова.
Unfollowed 1645826174 failed, trying next user
Подождите несколько минут, прежде чем пытаться снова.
Unfollowed 2935075761 failed, trying next user
Подождите несколько минут, прежде чем пытаться снова.
Unfollowed 6247584645 failed, trying next user
Подождите несколько минут, прежде чем пытаться снова.
Unfollowed 1600241279 failed, trying next user
Подождите несколько минут, прежде чем пытаться снова.
Unfollowed 280965076 failed, trying next user
Подождите несколько минут, прежде чем пытаться снова.
Unfollowed 6322700831 failed, trying next user
Подождите несколько минут, прежде чем пытаться снова.
Unfollowed 395871084 failed, trying next user
Подождите несколько минут, прежде чем пытаться снова.
Unfollowed 3980914527 failed, trying next user
Подождите несколько минут, прежде чем пытаться снова.
Unfollowed 1735384929 failed, trying next user
Подождите несколько минут, прежде чем пытаться снова.
Unfollowed 3897985445
Unfollowed 5624774768 failed, trying next user
Подождите несколько минут, прежде чем пытаться снова.
Unfollowed 702449253 failed, trying next user
Подождите несколько минут, прежде чем пытаться снова.
Unfollowed 2271175595 failed, trying next user
Подождите несколько минут, прежде чем пытаться снова.
Unfollowed 3735921718 failed, trying next user
Подождите несколько минут, прежде чем пытаться снова.
Unfollowed 1934058036
Unfollowed 2059424082
Unfollowed 5992361515
Unfollowed 1924354822 failed, trying next user
Подождите несколько минут, прежде чем пытаться снова.
Unfollowed 6424572215 failed, trying next user
Подождите несколько минут, прежде чем пытаться снова.
Unfollowed 972896789 failed, trying next user
Подождите несколько минут, прежде чем пытаться снова.
Unfollowed 6569213142
Unfollowed 3486383162
Unfollowed 13164805
Unfollowed 4185580476
Unfollowed 1836790780
Unfollowed 1795938165
Unfollowed 4047143910
Unfollowed 304843480
Unfollowed 369031064
Unfollowed 3546467369
Unfollowed 6284947146
Unfollowed 3061882647 failed, trying next user
Подождите несколько минут, прежде чем пытаться снова.
Unfollowed 3491971592 failed, trying next user
Подождите несколько минут, прежде чем пытаться снова.
Unfollowed 6615458355 failed, trying next user
Подождите несколько минут, прежде чем пытаться снова.
Unfollowed 6242669728 failed, trying next user
Подождите несколько минут, прежде чем пытаться снова.
Unfollowed 1264596444 failed, trying next user
Подождите несколько минут, прежде чем пытаться снова.
Unfollowed 6654435673 failed, trying next user
Подождите несколько минут, прежде чем пытаться снова.
Unfollowed 809704737 failed, trying next user
Подождите несколько минут, прежде чем пытаться снова.
Unfollowed 5887024545 failed, trying next user
Подождите несколько минут, прежде чем пытаться снова.
Unfollowed 4544483137 failed, trying next user
Подождите несколько минут, прежде чем пытаться снова.
Unfollowed 4318236600 failed, trying next user
Подождите несколько минут, прежде чем пытаться снова.
Unfollowed 371425717 failed, trying next user
Подождите несколько минут, прежде чем пытаться снова.
Unfollowed 6314922550 failed, trying next user
Подождите несколько минут, прежде чем пытаться снова.
Unfollowed 5996604835 failed, trying next user
Подождите несколько минут, прежде чем пытаться снова.
Unfollowed 6060994685 failed, trying next user
Подождите несколько минут, прежде чем пытаться снова.
Unfollowed 6491601897 failed, trying next user
Подождите несколько минут, прежде чем пытаться снова.
Unfollowed 6665279428 failed, trying next user
Подождите несколько минут, прежде чем пытаться снова.
Unfollowed 4992585900
Unfollowed 6676591638 failed, trying next user
Подождите несколько минут, прежде чем пытаться снова.
Unfollowed 6734299975 failed, trying next user
Подождите несколько минут, прежде чем пытаться снова.
Unfollowed 6764457764 failed, trying next user
Подождите несколько минут, прежде чем пытаться снова.
Unfollowed 6076372799 failed, trying next user
Подождите несколько минут, прежде чем пытаться снова.
Unfollowed 5811274577
Unfollowed 3829490057
Unfollowed 6353568508
Unfollowed 38983661 failed, trying next user
Подождите несколько минут, прежде чем пытаться снова.
Unfollowed 1465828662 failed, trying next user
Подождите несколько минут, прежде чем пытаться снова.
Unfollowed 2218485536 failed, trying next user
Подождите несколько минут, прежде чем пытаться снова.
Unfollowed 4022485164
Unfollowed 6312335331
Unfollowed 1698371569
Unfollowed 4137356094
Unfollowed 2164221419
Unfollowed 5852390795
Unfollowed 1123582627
Unfollowed 2198877472
Unfollowed 6820246000
Unfollowed 3409690395
Unfollowed 1835464699
Unfollowed 3170959959 failed, trying next user
Подождите несколько минут, прежде чем пытаться снова.
Unfollowed 2279839395 failed, trying next user
Подождите несколько минут, прежде чем пытаться снова.
Unfollowed 550350104 failed, trying next user
Подождите несколько минут, прежде чем пытаться снова.
Unfollowed 5542382673 failed, trying next user
Подождите несколько минут, прежде чем пытаться снова.
Unfollowed 36635331 failed, trying next user
Подождите несколько минут, прежде чем пытаться снова.
Unfollowed 193714180 failed, trying next user
Подождите несколько минут, прежде чем пытаться снова.
Unfollowed 5346605454 failed, trying next user
Подождите несколько минут, прежде чем пытаться снова.
Unfollowed 4057523819 failed, trying next user
Подождите несколько минут, прежде чем пытаться снова.
Unfollowed 2967242470 failed, trying next user
Подождите несколько минут, прежде чем пытаться снова.
Unfollowed 555379591 failed, trying next user
Подождите несколько минут, прежде чем пытаться снова.
Unfollowed 501584411 failed, trying next user
Подождите несколько минут, прежде чем пытаться снова.
Unfollowed 223733881 failed, trying next user
Подождите несколько минут, прежде чем пытаться снова.
Unfollowed 399941564 failed, trying next user
Подождите несколько минут, прежде чем пытаться снова.
Unfollowed 4681385403 failed, trying next user
Подождите несколько минут, прежде чем пытаться снова.
Unfollowed 4748610677 failed, trying next user
Подождите несколько минут, прежде чем пытаться снова.
Unfollowed 4466475595
Unfollowed 4773282199 failed, trying next user
Подождите несколько минут, прежде чем пытаться снова.
Unfollowed 525629775 failed, trying next user
Подождите несколько минут, прежде чем пытаться снова.
Unfollowed 4489149713 failed, trying next user
Подождите несколько минут, прежде чем пытаться снова.
Unfollowed 4760756959 failed, trying next user
Подождите несколько минут, прежде чем пытаться снова.
Unfollowed 3563241200 failed, trying next user
Подождите несколько минут, прежде чем пытаться снова.
Unfollowed 4746377783
Unfollowed 4232382595
Unfollowed 470248683
Unfollowed 5866417 failed, trying next user
Подождите несколько минут, прежде чем пытаться снова.
Unfollowed 3623112371 failed, trying next user
Подождите несколько минут, прежде чем пытаться снова.
Unfollowed 8621936
Unfollowed 4846795432
Unfollowed 4891512233
Unfollowed 2173130321
Unfollowed 4922831732
Unfollowed 4911574287
Unfollowed 4885549375
Unfollowed 4885990275
Unfollowed 455684581
Unfollowed 4885217855
Unfollowed 4422460565
Unfollowed 3790556814 failed, trying next user
Подождите несколько минут, прежде чем пытаться снова.
Unfollowed 514999427 failed, trying next user
Подождите несколько минут, прежде чем пытаться снова.
Unfollowed 5128644470 failed, trying next user
Подождите несколько минут, прежде чем пытаться снова.
Unfollowed 4411039774 failed, trying next user
Подождите несколько минут, прежде чем пытаться снова.
Unfollowed 4816926970 failed, trying next user
Подождите несколько минут, прежде чем пытаться снова.
Unfollowed 386520213 failed, trying next user
Подождите несколько минут, прежде чем пытаться снова.
Unfollowed 190806331 failed, trying next user
Подождите несколько минут, прежде чем пытаться снова.
Unfollowed 3256156202 failed, trying next user
Подождите несколько минут, прежде чем пытаться снова.
Unfollowed 2292422786 failed, trying next user
Подождите несколько минут, прежде чем пытаться снова.
Unfollowed 3253724887 failed, trying next user
Подождите несколько минут, прежде чем пытаться снова.
Unfollowed 3059763952 failed, trying next user
Подождите несколько минут, прежде чем пытаться снова.
Unfollowed 3264106263 failed, trying next user
Подождите несколько минут, прежде чем пытаться снова.
Unfollowed 3055989239 failed, trying next user
Подождите несколько минут, прежде чем пытаться снова.
Unfollowed 2225284727 failed, trying next user
Подождите несколько минут, прежде чем пытаться снова.
Unfollowed 3256724659 failed, trying next user
Подождите несколько минут, прежде чем пытаться снова.
Unfollowed 3243193569 failed, trying next user
Подождите несколько минут, прежде чем пытаться снова.
Unfollowed 2140462748
Unfollowed 2982084543 failed, trying next user
Подождите несколько минут, прежде чем пытаться снова.
Unfollowed 2278659217 failed, trying next user
Подождите несколько минут, прежде чем пытаться снова.
Unfollowed 3282166315 failed, trying next user
Подождите несколько минут, прежде чем пытаться снова.
Unfollowed 3282165245 failed, trying next user
Подождите несколько минут, прежде чем пытаться снова.
Unfollowed 3248253597 failed, trying next user
Подождите несколько минут, прежде чем пытаться снова.
Unfollowed 2241286184
Unfollowed 3284428885
Unfollowed 2952810143
Unfollowed 2138829341 failed, trying next user
Подождите несколько минут, прежде чем пытаться снова.
Unfollowed 509482651 failed, trying next user
Подождите несколько минут, прежде чем пытаться снова.
Unfollowed 2989985914
Unfollowed 3291413015
Unfollowed 2215583125
Unfollowed 3239599408
Unfollowed 2251428603
Unfollowed 3309429124
Unfollowed 2955390454
Unfollowed 3132356952
Unfollowed 3288394174
Unfollowed 3321785382
Unfollowed 3321595729
Unfollowed 2328844664 failed, trying next user
Подождите несколько минут, прежде чем пытаться снова.
Unfollowed 3018999786 failed, trying next user
Подождите несколько минут, прежде чем пытаться снова.
Unfollowed 3323527723 failed, trying next user
Подождите несколько минут, прежде чем пытаться снова.
Unfollowed 3252986412 failed, trying next user
Подождите несколько минут, прежде чем пытаться снова.
Unfollowed 2966113375 failed, trying next user
Подождите несколько минут, прежде чем пытаться снова.
Unfollowed 416196841 failed, trying next user
Подождите несколько минут, прежде чем пытаться снова.
Unfollowed 3271187016 failed, trying next user
Подождите несколько минут, прежде чем пытаться снова.
Unfollowed 2125404782 failed, trying next user
Подождите несколько минут, прежде чем пытаться снова.
Unfollowed 2346873216 failed, trying next user
Подождите несколько минут, прежде чем пытаться снова.
Unfollowed 423534836 failed, trying next user
Подождите несколько минут, прежде чем пытаться снова.
Unfollowed 3234443057 failed, trying next user
Подождите несколько минут, прежде чем пытаться снова.
Unfollowed 3406094679 failed, trying next user
Подождите несколько минут, прежде чем пытаться снова.
Unfollowed 3429925704 failed, trying next user
Подождите несколько минут, прежде чем пытаться снова.
Unfollowed 3458228006 failed, trying next user
Подождите несколько минут, прежде чем пытаться снова.
Unfollowed 2946157991 failed, trying next user
Подождите несколько минут, прежде чем пытаться снова.
Unfollowed 2308725336 failed, trying next user
Подождите несколько минут, прежде чем пытаться снова.
Unfollowed 192500311
Unfollowed 598482356 failed, trying next user
Подождите несколько минут, прежде чем пытаться снова.
Unfollowed 3310440975 failed, trying next user
Подождите несколько минут, прежде чем пытаться снова.
Unfollowed 2907595610 failed, trying next user
Подождите несколько минут, прежде чем пытаться снова.
Unfollowed 3312436896 failed, trying next user
Подождите несколько минут, прежде чем пытаться снова.
Unfollowed 33889039 failed, trying next user
Подождите несколько минут, прежде чем пытаться снова.
Unfollowed 3050664122
Unfollowed 2280915921
Unfollowed 225728004
Unfollowed 3233308996 failed, trying next user
Подождите несколько минут, прежде чем пытаться снова.
Unfollowed 2299356265 failed, trying next user
Подождите несколько минут, прежде чем пытаться снова.
Unfollowed 3514381605
Unfollowed 2232896072
Unfollowed 3497800171
Unfollowed 2982767887
Unfollowed 3418351436
Unfollowed 367131677
Unfollowed 3274860716
Unfollowed 2214295361
Unfollowed 2304956188
Unfollowed 5488617666
Unfollowed 33272451
Unfollowed 2528071061 failed, trying next user
Подождите несколько минут, прежде чем пытаться снова.
Unfollowed 2293924775 failed, trying next user
Подождите несколько минут, прежде чем пытаться снова.
Unfollowed 194316296 failed, trying next user
Подождите несколько минут, прежде чем пытаться снова.
Unfollowed 15728607 failed, trying next user
Подождите несколько минут, прежде чем пытаться снова.
Unfollowed 189142893 failed, trying next user
Подождите несколько минут, прежде чем пытаться снова.
Unfollowed 2166550381 failed, trying next user
Подождите несколько минут, прежде чем пытаться снова.
Unfollowed 5447152918 failed, trying next user
Подождите несколько минут, прежде чем пытаться снова.
Unfollowed 226141169 failed, trying next user
Подождите несколько минут, прежде чем пытаться снова.
Unfollowed 3664069382 failed, trying next user
Подождите несколько минут, прежде чем пытаться снова.
Unfollowed 489475454 failed, trying next user
Подождите несколько минут, прежде чем пытаться снова.
Unfollowed 5536868812 failed, trying next user
Подождите несколько минут, прежде чем пытаться снова.
Unfollowed 5545727884 failed, trying next user
Подождите несколько минут, прежде чем пытаться снова.
Unfollowed 5546769055 failed, trying next user
Подождите несколько минут, прежде чем пытаться снова.
Unfollowed 210414811 failed, trying next user
Подождите несколько минут, прежде чем пытаться снова.
Unfollowed 4550053757 failed, trying next user
Подождите несколько минут, прежде чем пытаться снова.
Unfollowed 15239402 failed, trying next user
Подождите несколько минут, прежде чем пытаться снова.
Unfollowed 2189366020
Unfollowed 218550190 failed, trying next user
Подождите несколько минут, прежде чем пытаться снова.
Unfollowed 3279869289 failed, trying next user
Подождите несколько минут, прежде чем пытаться снова.
Unfollowed 5603961950 failed, trying next user
Подождите несколько минут, прежде чем пытаться снова.
Unfollowed 5631064742 failed, trying next user
Подождите несколько минут, прежде чем пытаться снова.
Unfollowed 441324509 failed, trying next user
Подождите несколько минут, прежде чем пытаться снова.
Unfollowed 36631294
Unfollowed 197011758
Unfollowed 2792912605
Unfollowed 520034775 failed, trying next user
Подождите несколько минут, прежде чем пытаться снова.
Unfollowed 5569877747 failed, trying next user
Подождите несколько минут, прежде чем пытаться снова.
Unfollowed 374156512
Unfollowed 15277881
Unfollowed 212732238
Unfollowed 5729034312
Unfollowed 30634852
Unfollowed 5279681691
Unfollowed 5761134405
Unfollowed 388933365
Unfollowed 3688075732
Unfollowed 4930421493
Unfollowed 5402562565
Unfollowed 4083249653 failed, trying next user
Подождите несколько минут, прежде чем пытаться снова.
Unfollowed 211828791 failed, trying next user
Подождите несколько минут, прежде чем пытаться снова.
Unfollowed 367192492 failed, trying next user
Подождите несколько минут, прежде чем пытаться снова.
Unfollowed 2236019255 failed, trying next user
Подождите несколько минут, прежде чем пытаться снова.
Unfollowed 5645400890 failed, trying next user
Подождите несколько минут, прежде чем пытаться снова.
Unfollowed 5851750904 failed, trying next user
Подождите несколько минут, прежде чем пытаться снова.
Unfollowed 3075277046 failed, trying next user
Подождите несколько минут, прежде чем пытаться снова.
Unfollowed 5828112067 failed, trying next user
Подождите несколько минут, прежде чем пытаться снова.
Unfollowed 556214271 failed, trying next user
Подождите несколько минут, прежде чем пытаться снова.
Unfollowed 220991939 failed, trying next user
Подождите несколько минут, прежде чем пытаться снова.
Unfollowed 5565840313 failed, trying next user
Подождите несколько минут, прежде чем пытаться снова.
Unfollowed 5915877863 failed, trying next user
Подождите несколько минут, прежде чем пытаться снова.
Unfollowed 23804586 failed, trying next user
Подождите несколько минут, прежде чем пытаться снова.
Unfollowed 5930609730 failed, trying next user
Подождите несколько минут, прежде чем пытаться снова.
Unfollowed 4371306166 failed, trying next user
Подождите несколько минут, прежде чем пытаться снова.
Unfollowed 3580690147 failed, trying next user
Подождите несколько минут, прежде чем пытаться снова.
Unfollowed 5957281961
Unfollowed 5952645408 failed, trying next user
Подождите несколько минут, прежде чем пытаться снова.
Unfollowed 224919323 failed, trying next user
Подождите несколько минут, прежде чем пытаться снова.
Unfollowed 5990756313 failed, trying next user
Подождите несколько минут, прежде чем пытаться снова.
Unfollowed 2910585800 failed, trying next user
Подождите несколько минут, прежде чем пытаться снова.
Unfollowed 2285765442 failed, trying next user
Подождите несколько минут, прежде чем пытаться снова.
Unfollowed 3411469252
Unfollowed 3029019417
Unfollowed 3512268795
Unfollowed 3564105057 failed, trying next user
Подождите несколько минут, прежде чем пытаться снова.
Unfollowed 192639106 failed, trying next user
Подождите несколько минут, прежде чем пытаться снова.
Unfollowed 188592359
Unfollowed 4460226045
Unfollowed 2438110272
Unfollowed 3580474539
Unfollowed 2175811728
Unfollowed 2292067981
Unfollowed 3519324715
Unfollowed 3592015359
Unfollowed 3570863137
Unfollowed 3306321042
Unfollowed 3594297515
Unfollowed 3299706423 failed, trying next user
Подождите несколько минут, прежде чем пытаться снова.
Unfollowed 2154768412 failed, trying next user
Подождите несколько минут, прежде чем пытаться снова.
Unfollowed 3612115399 failed, trying next user
Подождите несколько минут, прежде чем пытаться снова.
Unfollowed 3424915050 failed, trying next user
Подождите несколько минут, прежде чем пытаться снова.
Unfollowed 3588524459 failed, trying next user
Подождите несколько минут, прежде чем пытаться снова.
Unfollowed 3552994545 failed, trying next user
Подождите несколько минут, прежде чем пытаться снова.
Unfollowed 3280796491 failed, trying next user
Подождите несколько минут, прежде чем пытаться снова.
Unfollowed 3573311848 failed, trying next user
Подождите несколько минут, прежде чем пытаться снова.
Unfollowed 393760421 failed, trying next user
Подождите несколько минут, прежде чем пытаться снова.
Unfollowed 499812371 failed, trying next user
Подождите несколько минут, прежде чем пытаться снова.
Unfollowed 3132418157 failed, trying next user
Подождите несколько минут, прежде чем пытаться снова.
Unfollowed 3607202184 failed, trying next user
Подождите несколько минут, прежде чем пытаться снова.
Unfollowed 3544844568 failed, trying next user
Подождите несколько минут, прежде чем пытаться снова.
Unfollowed 3627758687 failed, trying next user
Подождите несколько минут, прежде чем пытаться снова.
Unfollowed 607300872 failed, trying next user
Подождите несколько минут, прежде чем пытаться снова.
Unfollowed 3521445872 failed, trying next user
Подождите несколько минут, прежде чем пытаться снова.
Unfollowed 2301784475
Unfollowed 2179201582 failed, trying next user
Подождите несколько минут, прежде чем пытаться снова.
Unfollowed 3671416576 failed, trying next user
Подождите несколько минут, прежде чем пытаться снова.
Unfollowed 3693127240 failed, trying next user
Подождите несколько минут, прежде чем пытаться снова.
Unfollowed 3034171861 failed, trying next user
Подождите несколько минут, прежде чем пытаться снова.
Unfollowed 377686042 failed, trying next user
Подождите несколько минут, прежде чем пытаться снова.
Unfollowed 3439918432
Unfollowed 3670871678
Unfollowed 3423211432
Unfollowed 3053845413 failed, trying next user
Подождите несколько минут, прежде чем пытаться снова.
Unfollowed 3867618941 failed, trying next user
Подождите несколько минут, прежде чем пытаться снова.
Unfollowed 3277671151
Unfollowed 3863212865
Unfollowed 3862814757
Unfollowed 3896124186
Unfollowed 3098125422
Unfollowed 3069198454
Unfollowed 2229416439
Unfollowed 3162164228
Unfollowed 2118261943
Unfollowed 3689187064
Unfollowed 3961005692
Unfollowed 3924943931 failed, trying next user
Подождите несколько минут, прежде чем пытаться снова.
Unfollowed 3960156203 failed, trying next user
Подождите несколько минут, прежде чем пытаться снова.
Unfollowed 2880421704 failed, trying next user
Подождите несколько минут, прежде чем пытаться снова.
Unfollowed 2237199264 failed, trying next user
Подождите несколько минут, прежде чем пытаться снова.
Unfollowed 3596160701 failed, trying next user
Подождите несколько минут, прежде чем пытаться снова.
Unfollowed 3969136820 failed, trying next user
Подождите несколько минут, прежде чем пытаться снова.
Unfollowed 521360582 failed, trying next user
Подождите несколько минут, прежде чем пытаться снова.
Unfollowed 3975654726 failed, trying next user
Подождите несколько минут, прежде чем пытаться снова.
Unfollowed 3613720191 failed, trying next user
Подождите несколько минут, прежде чем пытаться снова.
Unfollowed 3230522144 failed, trying next user
Подождите несколько минут, прежде чем пытаться снова.
Unfollowed 3217681620 failed, trying next user
Подождите несколько минут, прежде чем пытаться снова.
Unfollowed 3012540347 failed, trying next user
Подождите несколько минут, прежде чем пытаться снова.
Unfollowed 4008138654 failed, trying next user
Подождите несколько минут, прежде чем пытаться снова.
Unfollowed 37944447 failed, trying next user
Подождите несколько минут, прежде чем пытаться снова.
Unfollowed 3961451028 failed, trying next user
Подождите несколько минут, прежде чем пытаться снова.
Unfollowed 3587344255 failed, trying next user
Подождите несколько минут, прежде чем пытаться снова.
Unfollowed 4041819751
Unfollowed 3906307370 failed, trying next user
Подождите несколько минут, прежде чем пытаться снова.
Unfollowed 3473745061 failed, trying next user
Подождите несколько минут, прежде чем пытаться снова.
Unfollowed 3613307745 failed, trying next user
Подождите несколько минут, прежде чем пытаться снова.
Unfollowed 3113399223 failed, trying next user
Подождите несколько минут, прежде чем пытаться снова.
Unfollowed 3816531438
Unfollowed 4014302011
Unfollowed 3156316667
Unfollowed 4057899735 failed, trying next user
Подождите несколько минут, прежде чем пытаться снова.
Unfollowed 3142584806 failed, trying next user
Подождите несколько минут, прежде чем пытаться снова.
Unfollowed 5947802302
Unfollowed 414153459
Unfollowed 5925548391
Unfollowed 5392094176
Unfollowed 611504346
Unfollowed 3909931013
Unfollowed 4333227293
Unfollowed 5983886738
Unfollowed 35949581
Unfollowed 6009275661
Unfollowed 6013101634
Unfollowed 5995962443 failed, trying next user
Подождите несколько минут, прежде чем пытаться снова.
Unfollowed 5445095875 failed, trying next user
Подождите несколько минут, прежде чем пытаться снова.
Unfollowed 3078140527 failed, trying next user
Подождите несколько минут, прежде чем пытаться снова.
Unfollowed 5354195088 failed, trying next user
Подождите несколько минут, прежде чем пытаться снова.
Unfollowed 2974516961 failed, trying next user
Подождите несколько минут, прежде чем пытаться снова.
Unfollowed 2218210 failed, trying next user
Подождите несколько минут, прежде чем пытаться снова.
Unfollowed 3477657588 failed, trying next user
Подождите несколько минут, прежде чем пытаться снова.
Unfollowed 14239571 failed, trying next user
Подождите несколько минут, прежде чем пытаться снова.
Unfollowed 5974563823 failed, trying next user
Подождите несколько минут, прежде чем пытаться снова.
Unfollowed 6070766933 failed, trying next user
Подождите несколько минут, прежде чем пытаться снова.
Unfollowed 4332369166 failed, trying next user
Подождите несколько минут, прежде чем пытаться снова.
Unfollowed 30531230 failed, trying next user
Подождите несколько минут, прежде чем пытаться снова.
Unfollowed 2925086768 failed, trying next user
Подождите несколько минут, прежде чем пытаться снова.
Unfollowed 5503621153 failed, trying next user
Подождите несколько минут, прежде чем пытаться снова.
Unfollowed 5915718892 failed, trying next user
Подождите несколько минут, прежде чем пытаться снова.
Unfollowed 4311370180 failed, trying next user
Подождите несколько минут, прежде чем пытаться снова.
Unfollowed 5762821127 failed, trying next user
Подождите несколько минут, прежде чем пытаться снова.
Unfollowed 5754747691
Unfollowed 16397441 failed, trying next user
Подождите несколько минут, прежде чем пытаться снова.
Unfollowed 6156985080 failed, trying next user
Подождите несколько минут, прежде чем пытаться снова.
Unfollowed 6214516460 failed, trying next user
Подождите несколько минут, прежде чем пытаться снова.
Unfollowed 3620102182 failed, trying next user
Подождите несколько минут, прежде чем пытаться снова.
Unfollowed 3870147966
Unfollowed 3169107659
Unfollowed 5668248199
Unfollowed 6064014465 failed, trying next user
Подождите несколько минут, прежде чем пытаться снова.
Unfollowed 5693604000 failed, trying next user
Подождите несколько минут, прежде чем пытаться снова.
Unfollowed 3591752808
Unfollowed 6045785325
Unfollowed 6249877205
Unfollowed 4043527269
Unfollowed 6274939330
Unfollowed 198036365
Unfollowed 2130927051
Unfollowed 4071178868
Unfollowed 6381050982
Unfollowed 524407186
Unfollowed 6174722356
Unfollowed 5439981765 failed, trying next user
Подождите несколько минут, прежде чем пытаться снова.
Unfollowed 5860515 failed, trying next user
Подождите несколько минут, прежде чем пытаться снова.
Unfollowed 6693475515 failed, trying next user
Подождите несколько минут, прежде чем пытаться снова.
Unfollowed 550906746 failed, trying next user
Подождите несколько минут, прежде чем пытаться снова.
Unfollowed 194277602 failed, trying next user
Подождите несколько минут, прежде чем пытаться снова.
Unfollowed 3235361966 failed, trying next user
Подождите несколько минут, прежде чем пытаться снова.
Unfollowed 3992419849 failed, trying next user
Подождите несколько минут, прежде чем пытаться снова.
Unfollowed 3575919189 failed, trying next user
Подождите несколько минут, прежде чем пытаться снова.
Unfollowed 472677802 failed, trying next user
Подождите несколько минут, прежде чем пытаться снова.
Unfollowed 3684517166 failed, trying next user
Подождите несколько минут, прежде чем пытаться снова.
Unfollowed 4061945063 failed, trying next user
Подождите несколько минут, прежде чем пытаться снова.
Unfollowed 4009208645 failed, trying next user
Подождите несколько минут, прежде чем пытаться снова.
Unfollowed 3127213861 failed, trying next user
Подождите несколько минут, прежде чем пытаться снова.
Unfollowed 2326140127 failed, trying next user
Подождите несколько минут, прежде чем пытаться снова.
Unfollowed 2317410314 failed, trying next user
Подождите несколько минут, прежде чем пытаться снова.
Unfollowed 4029518795 failed, trying next user
Подождите несколько минут, прежде чем пытаться снова.
Unfollowed 3436549281
Unfollowed 3031279632 failed, trying next user
Подождите несколько минут, прежде чем пытаться снова.
Unfollowed 4041201447 failed, trying next user
Подождите несколько минут, прежде чем пытаться снова.
Unfollowed 4048043413 failed, trying next user
Подождите несколько минут, прежде чем пытаться снова.
Unfollowed 2316017199 failed, trying next user
Подождите несколько минут, прежде чем пытаться снова.
Unfollowed 2869359164 failed, trying next user
Подождите несколько минут, прежде чем пытаться снова.
Unfollowed 3319185827
Unfollowed 3959777323
Unfollowed 3940928907
Unfollowed 3657775197 failed, trying next user
Подождите несколько минут, прежде чем пытаться снова.
Unfollowed 4146889623 failed, trying next user
Подождите несколько минут, прежде чем пытаться снова.
Unfollowed 2365183212
Unfollowed 2967953038
Unfollowed 500922123
Unfollowed 2949206376
Unfollowed 2701538328
Unfollowed 4200072456
Unfollowed 2925203253
Unfollowed 3927856815
Unfollowed 3905751803
Unfollowed 3261638657
Unfollowed 4162719662
Unfollowed 4213529814 failed, trying next user
Подождите несколько минут, прежде чем пытаться снова.
Unfollowed 2263717866 failed, trying next user
Подождите несколько минут, прежде чем пытаться снова.
Unfollowed 4028868256 failed, trying next user
Подождите несколько минут, прежде чем пытаться снова.
Unfollowed 4211843427 failed, trying next user
Подождите несколько минут, прежде чем пытаться снова.
Unfollowed 2945512176 failed, trying next user
Подождите несколько минут, прежде чем пытаться снова.
Unfollowed 4202451933 failed, trying next user
Подождите несколько минут, прежде чем пытаться снова.
Unfollowed 2213612480 failed, trying next user
Подождите несколько минут, прежде чем пытаться снова.
Unfollowed 4238126783 failed, trying next user
Подождите несколько минут, прежде чем пытаться снова.
Unfollowed 4000236067 failed, trying next user
Подождите несколько минут, прежде чем пытаться снова.
Unfollowed 4295456191 failed, trying next user
Подождите несколько минут, прежде чем пытаться снова.
Unfollowed 2610909629 failed, trying next user
Подождите несколько минут, прежде чем пытаться снова.
Unfollowed 2895182027 failed, trying next user
Подождите несколько минут, прежде чем пытаться снова.
Unfollowed 4327762221 failed, trying next user
Подождите несколько минут, прежде чем пытаться снова.
Unfollowed 3897361966 failed, trying next user
Подождите несколько минут, прежде чем пытаться снова.
Unfollowed 2402667984 failed, trying next user
Подождите несколько минут, прежде чем пытаться снова.
Unfollowed 2953726821 failed, trying next user
Подождите несколько минут, прежде чем пытаться снова.
Unfollowed 4245756399
Unfollowed 3642487285 failed, trying next user
Подождите несколько минут, прежде чем пытаться снова.
Unfollowed 3955584442 failed, trying next user
Подождите несколько минут, прежде чем пытаться снова.
Unfollowed 4324091111 failed, trying next user
Подождите несколько минут, прежде чем пытаться снова.
Unfollowed 214277217 failed, trying next user
Подождите несколько минут, прежде чем пытаться снова.
Unfollowed 4382515248 failed, trying next user
Подождите несколько минут, прежде чем пытаться снова.
Unfollowed 4430981696
Unfollowed 4433761346
Unfollowed 4433795963
Unfollowed 4270727488 failed, trying next user
Подождите несколько минут, прежде чем пытаться снова.
Unfollowed 4469007910 failed, trying next user
Подождите несколько минут, прежде чем пытаться снова.
Unfollowed 2920284618
Unfollowed 4449239989
Unfollowed 4046993772
Unfollowed 4514819267
Unfollowed 4466157286
Unfollowed 4363999277
Unfollowed 4515102033
Unfollowed 2908381737
Unfollowed 3207970247
Unfollowed 4535069180
Unfollowed 2338656727
Unfollowed 2314022979 failed, trying next user
Подождите несколько минут, прежде чем пытаться снова.
Unfollowed 2269377248 failed, trying next user
Подождите несколько минут, прежде чем пытаться снова.
Unfollowed 4250085784 failed, trying next user
Подождите несколько минут, прежде чем пытаться снова.
Unfollowed 4529758520 failed, trying next user
Подождите несколько минут, прежде чем пытаться снова.
Unfollowed 547208277 failed, trying next user
Подождите несколько минут, прежде чем пытаться снова.
Unfollowed 2916922897 failed, trying next user
Подождите несколько минут, прежде чем пытаться снова.
Unfollowed 2941834857 failed, trying next user
Подождите несколько минут, прежде чем пытаться снова.
Unfollowed 7140542 failed, trying next user
Подождите несколько минут, прежде чем пытаться снова.
Unfollowed 4027562164 failed, trying next user
Подождите несколько минут, прежде чем пытаться снова.
