Scraping from premium.spinners
'big_list'
Traceback (most recent call last):
  File "/home/sowen/followback/followback/InstagramBot/InstagramBot.py", line 257, in loop
    success = self.scrape_users()
  File "/home/sowen/followback/followback/InstagramBot/InstagramBot.py", line 338, in scrape_users
    if self.user_followers['big_list']:
KeyError: 'big_list'

Scraping from premium.spinners
global name 'addMaxId' is not defined
Traceback (most recent call last):
  File "/home/sowen/followback/followback/InstagramBot/InstagramBot.py", line 257, in loop
    success = self.scrape_users()
  File "/home/sowen/followback/followback/InstagramBot/InstagramBot.py", line 349, in scrape_users
    addMaxId(page,'')
NameError: global name 'addMaxId' is not defined

Scraping from premium.spinners
Scraping from premium.spinners
Scraping from premium.spinners
Scraping from premium.spinners
Scraping from premium.spinners
Scraping from premium.spinners
Scraping from premium.spinners
Scraping from premium.spinners
Scraping from premium.spinners
Scraping from premium.spinners
Scraping from premium.spinners
Scraping from premium.spinners
Scraping from premium.spinners
Scraping from premium.spinners
Scraping from premium.spinners
Scraping from premium.spinners
Scraping from premium.spinners
Scraping from premium.spinners
Scraping from premium.spinners
Scraping from premium.spinners
Scraping from premium.spinners
Scraping from premium.spinners
Scraping from premium.spinners
Scraping from premium.spinners
Scraping from premium.spinners
Scraping from premium.spinners
Scraping from premium.spinners
Scraping from premium.spinners
Scraping from premium.spinners
Scraping from premium.spinners
Scraping from premium.spinners
Scraping from premium.spinners
Scraping from premium.spinners
Scraping from premium.spinners
Scraping from premium.spinners
Scraping from premium.spinners
Scraping from premium.spinners
Scraping from premium.spinners
Scraping from premium.spinners
Scraping from premium.spinners
Scraping from premium.spinners
Scraping from premium.spinners
Scraping from premium.spinners
Scraping from premium.spinners
Scraping from premium.spinners
Scraping from premium.spinners
Scraping from premium.spinners
Scraping from premium.spinners
Scraping from premium.spinners
Scraping from premium.spinners
Scraping from premium.spinners
Scraping from premium.spinners
Scraping from premium.spinners
Scraping from premium.spinners
Scraping from premium.spinners
Scraping from premium.spinners
Scraping from premium.spinners
Scraping from premium.spinners
Scraping from premium.spinners
Scraping from premium.spinners
Scraping from premium.spinners
Scraping from premium.spinners
Scraping from premium.spinners
Scraping from premium.spinners
Scraping from premium.spinners
Scraping from premium.spinners
Scraping from premium.spinners
Scraping from premium.spinners
Scraping from premium.spinners
Scraping from premium.spinners
Scraping from premium.spinners
Scraping from premium.spinners
Scraping from premium.spinners
Scraping from premium.spinners
Scraping from premium.spinners
Scraping from premium.spinners
Scraping from premium.spinners
Scraping from premium.spinners
Scraping from premium.spinners
Scraping from premium.spinners
Scraping from premium.spinners
Scraping from premium.spinners
Scraping from premium.spinners
Scraping from premium.spinners
Scraping from premium.spinners
Scraping from premium.spinners
Scraping from premium.spinners
Scraping from premium.spinners
Scraping from premium.spinners
Scraping from premium.spinners
Scraping from premium.spinners
Scraping from premium.spinners
Scraping from premium.spinners
Scraping from premium.spinners
Scraping from premium.spinners
Scraping from premium.spinners
Scraping from premium.spinners
Scraping from premium.spinners
Scraping from premium.spinners
Scraping from premium.spinners
Scraping from premium.spinners
Could not find user premium.spinners, retrying
{"message": "Please wait a few minutes before you try again.", "status": "fail"}
{u'status': u'fail', u'message': u'Please wait a few minutes before you try again.'}
Scraping from premium.spinners
Could not find user premium.spinners, retrying
{"message": "Please wait a few minutes before you try again.", "status": "fail"}
{u'status': u'fail', u'message': u'Please wait a few minutes before you try again.'}
Scraping from premium.spinners
Could not find user premium.spinners, retrying
{"message": "Please wait a few minutes before you try again.", "status": "fail"}
{u'status': u'fail', u'message': u'Please wait a few minutes before you try again.'}
Scraping from premium.spinners
Could not find user premium.spinners, retrying
{"message": "Please wait a few minutes before you try again.", "status": "fail"}
{u'status': u'fail', u'message': u'Please wait a few minutes before you try again.'}
Scraping from premium.spinners
Could not find user premium.spinners, retrying
{"message": "Please wait a few minutes before you try again.", "status": "fail"}
{u'status': u'fail', u'message': u'Please wait a few minutes before you try again.'}
Scraping from premium.spinners
Could not find user premium.spinners, retrying
{"message": "Please wait a few minutes before you try again.", "status": "fail"}
{u'status': u'fail', u'message': u'Please wait a few minutes before you try again.'}
Scraping from premium.spinners
Could not find user premium.spinners, retrying
{"message": "Please wait a few minutes before you try again.", "status": "fail"}
{u'status': u'fail', u'message': u'Please wait a few minutes before you try again.'}
Scraping from premium.spinners
Could not find user premium.spinners, retrying
{"message": "Please wait a few minutes before you try again.", "status": "fail"}
{u'status': u'fail', u'message': u'Please wait a few minutes before you try again.'}
Scraping from premium.spinners
Could not find user premium.spinners, retrying
{"message": "Please wait a few minutes before you try again.", "status": "fail"}
{u'status': u'fail', u'message': u'Please wait a few minutes before you try again.'}
Scraping from premium.spinners
Scraping from premium.spinners
Scraping from premium.spinners
Scraping from premium.spinners
Scraping from premium.spinners
Scraping from premium.spinners
Scraping from premium.spinners
Scraping from premium.spinners
Scraping from premium.spinners
Scraping from premium.spinners
Scraping from premium.spinners
Scraping from premium.spinners
Scraping from premium.spinners
Scraping from premium.spinners
Scraping from premium.spinners
Scraping from premium.spinners
Scraping from premium.spinners
Scraping from premium.spinners
Scraping from premium.spinners
Scraping from premium.spinners
Scraping from premium.spinners
Scraping from premium.spinners
Scraping from premium.spinners
Scraping from premium.spinners
Scraping from premium.spinners
Scraping from premium.spinners
Scraping from premium.spinners
Scraping from premium.spinners
Scraping from premium.spinners
Scraping from premium.spinners
Scraping from premium.spinners
Scraping from premium.spinners
Scraping from premium.spinners
Scraping from premium.spinners
Scraping from premium.spinners
Scraping from premium.spinners
Scraping from premium.spinners
Scraping from premium.spinners
Scraping from premium.spinners
Scraping from premium.spinners
list index out of range
Traceback (most recent call last):
  File "/home/sowen/followback/followback/InstagramBot/InstagramBot.py", line 269, in loop
    self.like()
  File "/home/sowen/followback/followback/InstagramBot/InstagramBot.py", line 376, in like
    [self.like_iter]['pk'])
IndexError: list index out of range

Scraping from drugrehabcenters
Bot stopped by user
Scraping from premium.spinners
Scraping from premium.spinners
Scraping from premium.spinners
Scraping from premium.spinners
Scraping from premium.spinners
Scraping from premium.spinners
Scraping from premium.spinners
Scraping from premium.spinners
Scraping from premium.spinners
Scraping from premium.spinners
Scraping from premium.spinners
Scraping from premium.spinners
Scraping from premium.spinners
Scraping from premium.spinners
Scraping from premium.spinners
Scraping from premium.spinners
Scraping from premium.spinners
Scraping from premium.spinners
Bot stopped by user
Scraping from quixspinners
Scraping from quixspinners
Liked exclusive_axes's media
Liked exclusive_axes's media
Followed exclusive_axes
Followed exclusive_axes
Could not get bimkaadivando16's feed. Trying next user
Could not get bimkaadivando16's feed. Trying next user
{"message": "Not authorized to view user", "status": "fail"}
{"message": "Not authorized to view user", "status": "fail"}
{u'status': u'fail', u'message': u'Not authorized to view user'}
{u'status': u'fail', u'message': u'Not authorized to view user'}
Bot stopped by user
Bot stopped by user
Scraping from drugrehabcenters
Scraping from drugrehabcenters
Bot stopped by user
Bot stopped by user
Scraping from premium.spinners
User premium.spinners is private, trying next page
Scraping from premium.spinners
User premium.spinners is private, trying next page
Scraping from premium.spinners
User premium.spinners is private, trying next page
Bot stopped by user
Scraping from quixspinners
Scraping from quixspinners
Liked 12_lewis_smee_12's media
Liked 12_lewis_smee_12's media
Followed 12_lewis_smee_12
Followed 12_lewis_smee_12
Liked hairul_836's media
Liked hairul_836's media
Followed hairul_836
Followed hairul_836
Liked dzhilingirmamedov's media
Liked dzhilingirmamedov's media
Liked o.xfanpage's media
Liked o.xfanpage's media
Followed dzhilingirmamedov
Followed dzhilingirmamedov
Could not get valentina_acota's feed. Trying next user
Could not get valentina_acota's feed. Trying next user
{"message": "Not authorized to view user", "status": "fail"}
{"message": "Not authorized to view user", "status": "fail"}
{u'status': u'fail', u'message': u'Not authorized to view user'}
{u'status': u'fail', u'message': u'Not authorized to view user'}
Followed o.xfanpage
Followed o.xfanpage
Liked savages18570's media
Liked savages18570's media
Liked trizzinoalessandro's media
Liked trizzinoalessandro's media
Followed valentina_acota
Followed valentina_acota
Liked messaadabomamar_i's media
Liked messaadabomamar_i's media
Followed savages18570
Followed savages18570
Could not get adhiraga.y's feed. Trying next user
Could not get adhiraga.y's feed. Trying next user
{"message": "Not authorized to view user", "status": "fail"}
{"message": "Not authorized to view user", "status": "fail"}
{u'status': u'fail', u'message': u'Not authorized to view user'}
{u'status': u'fail', u'message': u'Not authorized to view user'}
Liked adib_adlan.123's media
Liked adib_adlan.123's media
Followed trizzinoalessandro
Followed trizzinoalessandro
Liked officialadaha's media
Liked officialadaha's media
Followed messaadabomamar_i
Followed messaadabomamar_i
Liked mrmagnificent84's media
Liked mrmagnificent84's media
Could not get alexkovatchev_privv's feed. Trying next user
Could not get alexkovatchev_privv's feed. Trying next user
{"message": "Not authorized to view user", "status": "fail"}
{"message": "Not authorized to view user", "status": "fail"}
{u'status': u'fail', u'message': u'Not authorized to view user'}
{u'status': u'fail', u'message': u'Not authorized to view user'}
Followed adhiraga.y
Followed adhiraga.y
Liked d_kuanyshbek_2002's media
Liked d_kuanyshbek_2002's media
Followed adib_adlan.123
Followed adib_adlan.123
Liked elevenmeeggos's media
Liked elevenmeeggos's media
Liked davidjon6349's media
Liked davidjon6349's media
Followed officialadaha
Followed officialadaha
Liked yoyomoesa's media
Liked yoyomoesa's media
Followed mrmagnificent84
Followed mrmagnificent84
Could not get kimkristina875's feed. Trying next user
Could not get kimkristina875's feed. Trying next user
{"message": "Not authorized to view user", "status": "fail"}
{"message": "Not authorized to view user", "status": "fail"}
{u'status': u'fail', u'message': u'Not authorized to view user'}
{u'status': u'fail', u'message': u'Not authorized to view user'}
Liked star.bh_'s media
Liked star.bh_'s media
Followed alexkovatchev_privv
Followed alexkovatchev_privv
Liked marc0_pere1ra's media
Liked marc0_pere1ra's media
Followed d_kuanyshbek_2002
Followed d_kuanyshbek_2002
Liked adamhaikal_06's media
Liked adamhaikal_06's media
Could not get sahilsjoshi09's feed. Trying next user
Could not get sahilsjoshi09's feed. Trying next user
{"message": "Not authorized to view user", "status": "fail"}
{"message": "Not authorized to view user", "status": "fail"}
{u'status': u'fail', u'message': u'Not authorized to view user'}
{u'status': u'fail', u'message': u'Not authorized to view user'}
Followed elevenmeeggos
Followed elevenmeeggos
Could not get _enes68's feed. Trying next user
Could not get _enes68's feed. Trying next user
{"message": "Not authorized to view user", "status": "fail"}
{"message": "Not authorized to view user", "status": "fail"}
{u'status': u'fail', u'message': u'Not authorized to view user'}
{u'status': u'fail', u'message': u'Not authorized to view user'}
Followed davidjon6349
Followed davidjon6349
Could not get alex.harris223's feed. Trying next user
Could not get alex.harris223's feed. Trying next user
{"message": "Not authorized to view user", "status": "fail"}
{"message": "Not authorized to view user", "status": "fail"}
{u'status': u'fail', u'message': u'Not authorized to view user'}
{u'status': u'fail', u'message': u'Not authorized to view user'}
Liked isshunter's media
Liked isshunter's media
Followed bbh107
Followed bbh107
Liked ruma_artwear's media
Liked ruma_artwear's media
Followed yoyomoesa
Followed yoyomoesa
Could not get ah_aboodi's feed. Trying next user
Could not get ah_aboodi's feed. Trying next user
{"message": "Not authorized to view user", "status": "fail"}
{"message": "Not authorized to view user", "status": "fail"}
{u'status': u'fail', u'message': u'Not authorized to view user'}
{u'status': u'fail', u'message': u'Not authorized to view user'}
Liked kashaunkey5308's media
Liked kashaunkey5308's media
Followed kimkristina875
Followed kimkristina875
Could not get mariajose.lopezbutron's feed. Trying next user
Could not get mariajose.lopezbutron's feed. Trying next user
{"message": "Not authorized to view user", "status": "fail"}
{"message": "Not authorized to view user", "status": "fail"}
{u'status': u'fail', u'message': u'Not authorized to view user'}
{u'status': u'fail', u'message': u'Not authorized to view user'}
Followed h51.____
Followed h51.____
Liked sharonlee5605's media
Liked sharonlee5605's media
Liked sad_the_sad's media
Liked sad_the_sad's media
Followed star.bh_
Followed star.bh_
Could not get brooke__.tumbles's feed. Trying next user
Could not get brooke__.tumbles's feed. Trying next user
{"message": "Not authorized to view user", "status": "fail"}
{"message": "Not authorized to view user", "status": "fail"}
{u'status': u'fail', u'message': u'Not authorized to view user'}
{u'status': u'fail', u'message': u'Not authorized to view user'}
Followed marc0_pere1ra
Followed marc0_pere1ra
Liked g.94shaban's media
Liked g.94shaban's media
Liked kelvinhqlam's media
Liked kelvinhqlam's media
Followed adamhaikal_06
Followed adamhaikal_06
Liked theduotv.my's media
Liked theduotv.my's media
Followed sahilsjoshi09
Followed sahilsjoshi09
Liked king_marquez.58's media
Liked king_marquez.58's media
Liked 22gabycabre's media
Liked 22gabycabre's media
Followed _enes68
Followed _enes68
Liked kingjay_harris's media
Liked kingjay_harris's media
Followed alex.harris223
Followed alex.harris223
Liked designgroupitalia's media
Liked designgroupitalia's media
Could not get brooke_simp569's feed. Trying next user
Could not get brooke_simp569's feed. Trying next user
{"message": "Not authorized to view user", "status": "fail"}
{"message": "Not authorized to view user", "status": "fail"}
{u'status': u'fail', u'message': u'Not authorized to view user'}
{u'status': u'fail', u'message': u'Not authorized to view user'}
Followed isshunter
Followed isshunter
Liked dikmen_makina_model's media
Liked dikmen_makina_model's media
Followed ruma_artwear
Followed ruma_artwear
Liked hajimaah_'s media
Liked hajimaah_'s media
Liked rajan_p_prajapati's media
Liked rajan_p_prajapati's media
Followed ah_aboodi
Followed ah_aboodi
Liked kachinskiyvladislav's media
Liked kachinskiyvladislav's media
Followed kashaunkey5308
Followed kashaunkey5308
Liked best_starwar_tshirt's media
Liked best_starwar_tshirt's media
Liked bladesource.ca's media
Liked bladesource.ca's media
Followed mariajose.lopezbutron
Followed mariajose.lopezbutron
Liked ampphotographyrebubble's media
Liked ampphotographyrebubble's media
Followed sharonlee5605
Followed sharonlee5605
Liked marcus_awesome24's media
Liked marcus_awesome24's media
Could not get khalije_fars_iran's feed. Trying next user
Could not get khalije_fars_iran's feed. Trying next user
{"message": "Not authorized to view user", "status": "fail"}
{"message": "Not authorized to view user", "status": "fail"}
{u'status': u'fail', u'message': u'Not authorized to view user'}
{u'status': u'fail', u'message': u'Not authorized to view user'}
Followed sad_the_sad
Followed sad_the_sad
Liked littlesavagefaux123's media
Liked littlesavagefaux123's media
Followed saul_mg22_badajoz
Followed saul_mg22_badajoz
Liked a.s.h.w.i.n_m.s's media
Liked a.s.h.w.i.n_m.s's media
Liked h.spins's media
Liked h.spins's media
Followed brooke__.tumbles
Followed brooke__.tumbles
Liked fact_starwar's media
Liked fact_starwar's media
Followed g.94shaban
Followed g.94shaban
Liked fifiardian's media
Liked fifiardian's media
Could not get ole_joshy15's feed. Trying next user
Could not get ole_joshy15's feed. Trying next user
{"message": "Not authorized to view user", "status": "fail"}
{"message": "Not authorized to view user", "status": "fail"}
{u'status': u'fail', u'message': u'Not authorized to view user'}
{u'status': u'fail', u'message': u'Not authorized to view user'}
Followed kelvinhqlam
Followed kelvinhqlam
Liked juan_rasta_hippie's media
Liked juan_rasta_hippie's media
Followed theduotv.my
Followed theduotv.my
Liked shellyann_prin3ss's media
Liked shellyann_prin3ss's media
Could not get esmail055's feed. Trying next user
Could not get esmail055's feed. Trying next user
{"message": "Not authorized to view user", "status": "fail"}
{"message": "Not authorized to view user", "status": "fail"}
{u'status': u'fail', u'message': u'Not authorized to view user'}
{u'status': u'fail', u'message': u'Not authorized to view user'}
Followed king_marquez.58
Followed king_marquez.58
Could not get joe6870's feed. Trying next user
Could not get joe6870's feed. Trying next user
{"message": "Not authorized to view user", "status": "fail"}
{"message": "Not authorized to view user", "status": "fail"}
{u'status': u'fail', u'message': u'Not authorized to view user'}
{u'status': u'fail', u'message': u'Not authorized to view user'}
Followed 22gabycabre
Followed 22gabycabre
Liked gangstalabofficial's media
Liked gangstalabofficial's media
Liked silvio10nascimento's media
Liked silvio10nascimento's media
Followed kingjay_harris
Followed kingjay_harris
Liked gotbackbone's media
Liked gotbackbone's media
Followed designgroupitalia
Followed designgroupitalia
Liked jino9477's media
Liked jino9477's media
Liked slendyisdaddy231's media
Liked slendyisdaddy231's media
Followed brooke_simp569
Followed brooke_simp569
Liked sergioperezmillan's media
Liked sergioperezmillan's media
Followed dikmen_makina_model
Followed dikmen_makina_model
Could not get yousef.elshahat's feed. Trying next user
Could not get yousef.elshahat's feed. Trying next user
{"message": "Not authorized to view user", "status": "fail"}
{"message": "Not authorized to view user", "status": "fail"}
{u'status': u'fail', u'message': u'Not authorized to view user'}
{u'status': u'fail', u'message': u'Not authorized to view user'}
Liked coppershedknifeworks's media
Liked coppershedknifeworks's media
Followed hajimaah_
Followed hajimaah_
Liked owenthewillis's media
Liked owenthewillis's media
Followed rajan_p_prajapati
Followed rajan_p_prajapati
Liked captain_manuganu's media
Liked captain_manuganu's media
Could not get abinav.s_10's feed. Trying next user
Could not get abinav.s_10's feed. Trying next user
{"message": "Not authorized to view user", "status": "fail"}
{"message": "Not authorized to view user", "status": "fail"}
{u'status': u'fail', u'message': u'Not authorized to view user'}
{u'status': u'fail', u'message': u'Not authorized to view user'}
Followed kachinskiyvladislav
Followed kachinskiyvladislav
Could not get spam_bc_who_cares's feed. Trying next user
Could not get spam_bc_who_cares's feed. Trying next user
{"message": "Not authorized to view user", "status": "fail"}
{"message": "Not authorized to view user", "status": "fail"}
{u'status': u'fail', u'message': u'Not authorized to view user'}
{u'status': u'fail', u'message': u'Not authorized to view user'}
Followed best_starwar_tshirt
Followed best_starwar_tshirt
Liked javi_za0312's media
Liked javi_za0312's media
Liked abodyyz_'s media
Liked abodyyz_'s media
Followed bladesource.ca
Followed bladesource.ca
Liked barbeiro_guh's media
Liked barbeiro_guh's media
Followed ampphotographyrebubble
Followed ampphotographyrebubble
Could not get rikoandr25's feed. Trying next user
Could not get rikoandr25's feed. Trying next user
{"message": "Not authorized to view user", "status": "fail"}
{"message": "Not authorized to view user", "status": "fail"}
{u'status': u'fail', u'message': u'Not authorized to view user'}
{u'status': u'fail', u'message': u'Not authorized to view user'}
Liked zafran_tgb's media
Liked zafran_tgb's media
Followed marcus_awesome24
Followed marcus_awesome24
Liked gor_04_13's media
Liked gor_04_13's media
Followed khalije_fars_iran
Followed khalije_fars_iran
Liked awe_its_zuan's media
Liked awe_its_zuan's media
Could not get instashich's feed. Trying next user
Could not get instashich's feed. Trying next user
{"message": "Not authorized to view user", "status": "fail"}
{"message": "Not authorized to view user", "status": "fail"}
{u'status': u'fail', u'message': u'Not authorized to view user'}
{u'status': u'fail', u'message': u'Not authorized to view user'}
Followed littlesavagefaux123
Followed littlesavagefaux123
Could not get justintustin's feed. Trying next user
Could not get justintustin's feed. Trying next user
{"message": "Not authorized to view user", "status": "fail"}
{"message": "Not authorized to view user", "status": "fail"}
{u'status': u'fail', u'message': u'Not authorized to view user'}
{u'status': u'fail', u'message': u'Not authorized to view user'}
Followed a.s.h.w.i.n_m.s
Followed a.s.h.w.i.n_m.s
Liked soriano6032's media
Liked soriano6032's media
Liked lukuhakeem77's media
Liked lukuhakeem77's media
Followed m.haziq_asyraf
Followed m.haziq_asyraf
Liked mariovalentinow's media
Liked mariovalentinow's media
Followed h.spins
Followed h.spins
Liked polzanini's media
Liked polzanini's media
Liked ekolojikdesing's media
Liked ekolojikdesing's media
Followed fact_starwar
Followed fact_starwar
Liked mirko.barella97's media
Liked mirko.barella97's media
Followed fifiardian
Followed fifiardian
Liked spinnerking9411's media
Liked spinnerking9411's media
Liked _riojr30_ajah_'s media
Liked _riojr30_ajah_'s media
Followed ole_joshy15
Followed ole_joshy15
Liked aypapaliquids's media
Liked aypapaliquids's media
Followed juan_rasta_hippie
Followed juan_rasta_hippie
Liked basminji's media
Liked basminji's media
Followed h3zz_91
Followed h3zz_91
Liked jackisbrown's media
Liked jackisbrown's media
Liked sam_f_695's media
Liked sam_f_695's media
Followed shellyann_prin3ss
Followed shellyann_prin3ss
Liked rikoand14's media
Liked rikoand14's media
Followed esmail055
Followed esmail055
Liked joliefr15's media
Liked joliefr15's media
Could not get j.a_0151's feed. Trying next user
Could not get j.a_0151's feed. Trying next user
{"message": "Not authorized to view user", "status": "fail"}
{"message": "Not authorized to view user", "status": "fail"}
{u'status': u'fail', u'message': u'Not authorized to view user'}
{u'status': u'fail', u'message': u'Not authorized to view user'}
Followed joe6870
Followed joe6870
Liked burgosjoang's media
Liked burgosjoang's media
Followed gangstalabofficial
Followed gangstalabofficial
Liked rehmanahmad786's media
Liked rehmanahmad786's media
Liked sanelehtonen's media
Liked sanelehtonen's media
Followed silvio10nascimento
Followed silvio10nascimento
Liked cham_chamm13's media
Liked cham_chamm13's media
Followed gotbackbone
Followed gotbackbone
Liked fantasygurl233's media
Liked fantasygurl233's media
Liked undscheisse's media
Liked undscheisse's media
Followed jino9477
Followed jino9477
Liked _lonbee_fuckingg's media
Liked _lonbee_fuckingg's media
Followed slendyisdaddy231
Followed slendyisdaddy231
Liked gcostiuc's media
Liked gcostiuc's media
Could not get hamany9800's feed. Trying next user
Could not get hamany9800's feed. Trying next user
{"message": "Not authorized to view user", "status": "fail"}
{"message": "Not authorized to view user", "status": "fail"}
{u'status': u'fail', u'message': u'Not authorized to view user'}
{u'status': u'fail', u'message': u'Not authorized to view user'}
Followed jerryboy339
Followed jerryboy339
Could not get jodichelsa's feed. Trying next user
Could not get jodichelsa's feed. Trying next user
{"message": "Not authorized to view user", "status": "fail"}
{"message": "Not authorized to view user", "status": "fail"}
{u'status': u'fail', u'message': u'Not authorized to view user'}
{u'status': u'fail', u'message': u'Not authorized to view user'}
Followed sergioperezmillan
Followed sergioperezmillan
Could not get giamma2006's feed. Trying next user
Could not get giamma2006's feed. Trying next user
{"message": "Not authorized to view user", "status": "fail"}
{"message": "Not authorized to view user", "status": "fail"}
{u'status': u'fail', u'message': u'Not authorized to view user'}
{u'status': u'fail', u'message': u'Not authorized to view user'}
Could not get mr.playboy_27's feed. Trying next user
Could not get mr.playboy_27's feed. Trying next user
{"message": "Not authorized to view user", "status": "fail"}
{"message": "Not authorized to view user", "status": "fail"}
{u'status': u'fail', u'message': u'Not authorized to view user'}
{u'status': u'fail', u'message': u'Not authorized to view user'}
Followed yousef.elshahat
Followed yousef.elshahat
Liked youna.naddaf's media
Liked youna.naddaf's media
Followed coppershedknifeworks
Followed coppershedknifeworks
Could not get wolfmcdoozle's feed. Trying next user
Could not get wolfmcdoozle's feed. Trying next user
{"message": "Not authorized to view user", "status": "fail"}
{"message": "Not authorized to view user", "status": "fail"}
{u'status': u'fail', u'message': u'Not authorized to view user'}
{u'status': u'fail', u'message': u'Not authorized to view user'}
Could not get _ashton2_'s feed. Trying next user
Could not get _ashton2_'s feed. Trying next user
{"message": "Not authorized to view user", "status": "fail"}
{"message": "Not authorized to view user", "status": "fail"}
{u'status': u'fail', u'message': u'Not authorized to view user'}
{u'status': u'fail', u'message': u'Not authorized to view user'}
Followed owenthewillis
Followed owenthewillis
Could not get juanrios9262's feed. Trying next user
Could not get juanrios9262's feed. Trying next user
{"message": "Not authorized to view user", "status": "fail"}
{"message": "Not authorized to view user", "status": "fail"}
{u'status': u'fail', u'message': u'Not authorized to view user'}
{u'status': u'fail', u'message': u'Not authorized to view user'}
Followed captain_manuganu
Followed captain_manuganu
Could not get og_kg11's feed. Trying next user
Could not get og_kg11's feed. Trying next user
{"message": "Not authorized to view user", "status": "fail"}
{"message": "Not authorized to view user", "status": "fail"}
{u'status': u'fail', u'message': u'Not authorized to view user'}
{u'status': u'fail', u'message': u'Not authorized to view user'}
Liked rotaandrea7's media
Liked rotaandrea7's media
Followed abinav.s_10
Followed abinav.s_10
Liked _shitsquad___'s media
Liked _shitsquad___'s media
Followed spam_bc_who_cares
Followed spam_bc_who_cares
Liked nsikie5115's media
Liked nsikie5115's media
Liked stharlyn_barrios's media
Liked stharlyn_barrios's media
Followed javi_za0312
Followed javi_za0312
Liked boiwitglock's media
Liked boiwitglock's media
Followed abodyyz_
Followed abodyyz_
Liked kaizarnabil's media
Liked kaizarnabil's media
Could not get bdonut3's feed. Trying next user
Could not get bdonut3's feed. Trying next user
{"message": "Not authorized to view user", "status": "fail"}
{"message": "Not authorized to view user", "status": "fail"}
{u'status': u'fail', u'message': u'Not authorized to view user'}
{u'status': u'fail', u'message': u'Not authorized to view user'}
Followed barbeiro_guh
Followed barbeiro_guh
Could not get foreign_taste91's feed. Trying next user
Could not get foreign_taste91's feed. Trying next user
{"message": "Not authorized to view user", "status": "fail"}
{"message": "Not authorized to view user", "status": "fail"}
{u'status': u'fail', u'message': u'Not authorized to view user'}
{u'status': u'fail', u'message': u'Not authorized to view user'}
Followed rikoandr25
Followed rikoandr25
Liked riad_da_savage's media
Liked riad_da_savage's media
Could not get tonini_francesco's feed. Trying next user
Could not get tonini_francesco's feed. Trying next user
{"message": "Not authorized to view user", "status": "fail"}
{"message": "Not authorized to view user", "status": "fail"}
{u'status': u'fail', u'message': u'Not authorized to view user'}
{u'status': u'fail', u'message': u'Not authorized to view user'}
Followed zafran_tgb
Followed zafran_tgb
Liked marieldy080's media
Liked marieldy080's media
Followed gor_04_13
Followed gor_04_13
Could not get mr.niruban's feed. Trying next user
Could not get mr.niruban's feed. Trying next user
{"message": "Not authorized to view user", "status": "fail"}
{"message": "Not authorized to view user", "status": "fail"}
{u'status': u'fail', u'message': u'Not authorized to view user'}
{u'status': u'fail', u'message': u'Not authorized to view user'}
Could not get afffjz_hahjf's feed. Trying next user
Could not get afffjz_hahjf's feed. Trying next user
{"message": "Not authorized to view user", "status": "fail"}
{"message": "Not authorized to view user", "status": "fail"}
{u'status': u'fail', u'message': u'Not authorized to view user'}
{u'status': u'fail', u'message': u'Not authorized to view user'}
Followed awe_its_zuan
Followed awe_its_zuan
Liked anoos_dxb_coffee's media
Liked anoos_dxb_coffee's media
Followed instashich
Followed instashich
Could not get zola.the.snake's feed. Trying next user
Could not get zola.the.snake's feed. Trying next user
{"message": "Not authorized to view user", "status": "fail"}
{"message": "Not authorized to view user", "status": "fail"}
{u'status': u'fail', u'message': u'Not authorized to view user'}
{u'status': u'fail', u'message': u'Not authorized to view user'}
Could not get caleb__atencio's feed. Trying next user
Could not get caleb__atencio's feed. Trying next user
{"message": "Not authorized to view user", "status": "fail"}
{"message": "Not authorized to view user", "status": "fail"}
{u'status': u'fail', u'message': u'Not authorized to view user'}
{u'status': u'fail', u'message': u'Not authorized to view user'}
Followed justintustin
Followed justintustin
Liked kenny_gray112_'s media
Liked kenny_gray112_'s media
Followed soriano6032
Followed soriano6032
Could not get jimmy_vazquez1's feed. Trying next user
Could not get jimmy_vazquez1's feed. Trying next user
{"message": "Not authorized to view user", "status": "fail"}
{"message": "Not authorized to view user", "status": "fail"}
{u'status': u'fail', u'message': u'Not authorized to view user'}
{u'status': u'fail', u'message': u'Not authorized to view user'}
Liked _its_mojo_'s media
Liked _its_mojo_'s media
Followed lukuhakeem77
Followed lukuhakeem77
Liked _day_dreamer_123's media
Liked _day_dreamer_123's media
Followed mariovalentinow
Followed mariovalentinow
Could not get tyrone_olaes_'s feed. Trying next user
Could not get tyrone_olaes_'s feed. Trying next user
{"message": "Not authorized to view user", "status": "fail"}
{"message": "Not authorized to view user", "status": "fail"}
{u'status': u'fail', u'message': u'Not authorized to view user'}
{u'status': u'fail', u'message': u'Not authorized to view user'}
Liked omarmendez8052's media
Liked omarmendez8052's media
Followed polzanini
Followed polzanini
Liked v3_madea_duvo's media
Liked v3_madea_duvo's media
Followed ekolojikdesing
Followed ekolojikdesing
Could not get thezanebrown's feed. Trying next user
Could not get thezanebrown's feed. Trying next user
{"message": "Not authorized to view user", "status": "fail"}
{"message": "Not authorized to view user", "status": "fail"}
{u'status': u'fail', u'message': u'Not authorized to view user'}
{u'status': u'fail', u'message': u'Not authorized to view user'}
Liked cassianovictor85's media
Liked cassianovictor85's media
Followed fi121840
Followed fi121840
Liked evasconi's media
Liked evasconi's media
Followed mirko.barella97
Followed mirko.barella97
Could not get shawn_yuhasz80's feed. Trying next user
Could not get shawn_yuhasz80's feed. Trying next user
{"message": "Not authorized to view user", "status": "fail"}
{"message": "Not authorized to view user", "status": "fail"}
{u'status': u'fail', u'message': u'Not authorized to view user'}
{u'status': u'fail', u'message': u'Not authorized to view user'}
Could not get bebeperkele's feed. Trying next user
Could not get bebeperkele's feed. Trying next user
{"message": "Not authorized to view user", "status": "fail"}
{"message": "Not authorized to view user", "status": "fail"}
{u'status': u'fail', u'message': u'Not authorized to view user'}
{u'status': u'fail', u'message': u'Not authorized to view user'}
Followed kylemam559
Followed kylemam559
Liked matthewfehr1234's media
Liked matthewfehr1234's media
Followed spinnerking9411
Followed spinnerking9411
Liked unidentified_captain_wavvy30's media
Liked unidentified_captain_wavvy30's media
Liked mohmmadreza4694's media
Liked mohmmadreza4694's media
Followed _riojr30_ajah_
Followed _riojr30_ajah_
Liked gabycabre22's media
Liked gabycabre22's media
Followed aypapaliquids
Followed aypapaliquids
Liked __luv_shuv_'s media
Liked __luv_shuv_'s media
Could not get muhammad_qadafi_21_05_05's feed. Trying next user
Could not get muhammad_qadafi_21_05_05's feed. Trying next user
{"message": "Not authorized to view user", "status": "fail"}
{"message": "Not authorized to view user", "status": "fail"}
{u'status': u'fail', u'message': u'Not authorized to view user'}
{u'status': u'fail', u'message': u'Not authorized to view user'}
Followed basminji
Followed basminji
Liked charancharu20093's media
Liked charancharu20093's media
Followed jackisbrown
Followed jackisbrown
Liked omar.mziri_7's media
Liked omar.mziri_7's media
Liked ahmedwalled2002's media
Liked ahmedwalled2002's media
Followed sam_f_695
Followed sam_f_695
Could not get karol_suarez_11's feed. Trying next user
Could not get karol_suarez_11's feed. Trying next user
{"message": "Not authorized to view user", "status": "fail"}
{"message": "Not authorized to view user", "status": "fail"}
{u'status': u'fail', u'message': u'Not authorized to view user'}
{u'status': u'fail', u'message': u'Not authorized to view user'}
Followed rikoand14
Followed rikoand14
Liked sunny___sk's media
Liked sunny___sk's media
Liked christine23ch's media
Liked christine23ch's media
Followed joliefr15
Followed joliefr15
Liked m_r_k_official's media
Liked m_r_k_official's media
Followed j.a_0151
Followed j.a_0151
Could not get jerry_boii1373's feed. Trying next user
Could not get jerry_boii1373's feed. Trying next user
{"message": "Not authorized to view user", "status": "fail"}
{"message": "Not authorized to view user", "status": "fail"}
{u'status': u'fail', u'message': u'Not authorized to view user'}
{u'status': u'fail', u'message': u'Not authorized to view user'}
Could not get melikahashemi73's feed. Trying next user
Could not get melikahashemi73's feed. Trying next user
{"message": "Not authorized to view user", "status": "fail"}
{"message": "Not authorized to view user", "status": "fail"}
{u'status': u'fail', u'message': u'Not authorized to view user'}
{u'status': u'fail', u'message': u'Not authorized to view user'}
Followed burgosjoang
Followed burgosjoang
Liked mrsongofan's media
Liked mrsongofan's media
Followed rehmanahmad786
Followed rehmanahmad786
Could not get blaz.ozbetic's feed. Trying next user
Could not get blaz.ozbetic's feed. Trying next user
{"message": "Not authorized to view user", "status": "fail"}
{"message": "Not authorized to view user", "status": "fail"}
{u'status': u'fail', u'message': u'Not authorized to view user'}
{u'status': u'fail', u'message': u'Not authorized to view user'}
Liked ha5203284's media
Liked ha5203284's media
Followed sanelehtonen
Followed sanelehtonen
Could not get margo_xara's feed. Trying next user
Could not get margo_xara's feed. Trying next user
{"message": "Not authorized to view user", "status": "fail"}
{"message": "Not authorized to view user", "status": "fail"}
{u'status': u'fail', u'message': u'Not authorized to view user'}
{u'status': u'fail', u'message': u'Not authorized to view user'}
Followed cham_chamm13
Followed cham_chamm13
Could not get natrinca_03's feed. Trying next user
Could not get natrinca_03's feed. Trying next user
{"message": "Not authorized to view user", "status": "fail"}
{"message": "Not authorized to view user", "status": "fail"}
{u'status': u'fail', u'message': u'Not authorized to view user'}
{u'status': u'fail', u'message': u'Not authorized to view user'}
Could not get kiyan.izadi's feed. Trying next user
Could not get kiyan.izadi's feed. Trying next user
{"message": "Not authorized to view user", "status": "fail"}
{"message": "Not authorized to view user", "status": "fail"}
{u'status': u'fail', u'message': u'Not authorized to view user'}
{u'status': u'fail', u'message': u'Not authorized to view user'}
Followed fantasygurl233
Followed fantasygurl233
Could not get verofm_'s feed. Trying next user
Could not get verofm_'s feed. Trying next user
{"message": "Not authorized to view user", "status": "fail"}
{"message": "Not authorized to view user", "status": "fail"}
{u'status': u'fail', u'message': u'Not authorized to view user'}
{u'status': u'fail', u'message': u'Not authorized to view user'}
Followed undscheisse
Followed undscheisse
Liked bntg_a's media
Liked bntg_a's media
Liked shaimaa_shaimaa395's media
Liked shaimaa_shaimaa395's media
Followed _lonbee_fuckingg
Followed _lonbee_fuckingg
Liked noor_aldeen_moghrabi's media
Liked noor_aldeen_moghrabi's media
Followed gcostiuc
Followed gcostiuc
Liked adam_barnard__'s media
Liked adam_barnard__'s media
Liked hishado's media
Liked hishado's media
Followed hamany9800
Followed hamany9800
Liked epic.wood's media
Liked epic.wood's media
Followed jodichelsa
Followed jodichelsa
Liked jake_butt692578's media
Liked jake_butt692578's media
Could not get geneilsonmaraba's feed. Trying next user
Could not get geneilsonmaraba's feed. Trying next user
{"message": "Not authorized to view user", "status": "fail"}
{"message": "Not authorized to view user", "status": "fail"}
{u'status': u'fail', u'message': u'Not authorized to view user'}
{u'status': u'fail', u'message': u'Not authorized to view user'}
Followed giamma2006
Followed giamma2006
Could not get larasardar2005's feed. Trying next user
Could not get larasardar2005's feed. Trying next user
{"message": "Not authorized to view user", "status": "fail"}
{"message": "Not authorized to view user", "status": "fail"}
{u'status': u'fail', u'message': u'Not authorized to view user'}
{u'status': u'fail', u'message': u'Not authorized to view user'}
Followed mr.playboy_27
Followed mr.playboy_27
Liked silent_killer_152005's media
Liked silent_killer_152005's media
Liked cristian_255652's media
Liked cristian_255652's media
Followed youna.naddaf
Followed youna.naddaf
Liked hissa.56's media
Liked hissa.56's media
Followed wolfmcdoozle
Followed wolfmcdoozle
Could not get blowsvapesclouds97's feed. Trying next user
Could not get blowsvapesclouds97's feed. Trying next user
{"message": "Not authorized to view user", "status": "fail"}
{"message": "Not authorized to view user", "status": "fail"}
{u'status': u'fail', u'message': u'Not authorized to view user'}
{u'status': u'fail', u'message': u'Not authorized to view user'}
Liked earl_wbvargas's media
Liked earl_wbvargas's media
Followed _ashton2_
Followed _ashton2_
Liked dz.0902's media
Liked dz.0902's media
Followed juanrios9262
Followed juanrios9262
Liked headlights_nw's media
Liked headlights_nw's media
Followed og_kg11
Followed og_kg11
Liked wtsvollyball's media
Liked wtsvollyball's media
Liked loiko_tattoo's media
Liked loiko_tattoo's media
Followed rotaandrea7
Followed rotaandrea7
Could not get abhisheknjain's feed. Trying next user
Could not get abhisheknjain's feed. Trying next user
{"message": "Not authorized to view user", "status": "fail"}
{"message": "Not authorized to view user", "status": "fail"}
{u'status': u'fail', u'message': u'Not authorized to view user'}
{u'status': u'fail', u'message': u'Not authorized to view user'}
Followed sutharshen
Followed sutharshen
Liked willhuff2005's media
Liked willhuff2005's media
Liked baity_12's media
Liked baity_12's media
Followed _shitsquad___
Followed _shitsquad___
Liked 12_lewis_smee_12's media
Liked 12_lewis_smee_12's media
Followed nsikie5115
Followed nsikie5115
Liked hairul_836's media
Liked hairul_836's media
Liked dzhilingirmamedov's media
Liked dzhilingirmamedov's media
Followed stharlyn_barrios
Followed stharlyn_barrios
Liked o.xfanpage's media
Liked o.xfanpage's media
Followed boiwitglock
Followed boiwitglock
Could not get valentina_acota's feed. Trying next user
Could not get valentina_acota's feed. Trying next user
{"message": "Not authorized to view user", "status": "fail"}
{"message": "Not authorized to view user", "status": "fail"}
{u'status': u'fail', u'message': u'Not authorized to view user'}
{u'status': u'fail', u'message': u'Not authorized to view user'}
Liked savages18570's media
Liked savages18570's media
Followed kaizarnabil
Followed kaizarnabil
Liked trizzinoalessandro's media
Liked trizzinoalessandro's media
Followed bdonut3
Followed bdonut3
Liked messaadabomamar_i's media
Liked messaadabomamar_i's media
Liked adhiraga.y's media
Liked adhiraga.y's media
Followed foreign_taste91
Followed foreign_taste91
Liked adib_adlan.123's media
Liked adib_adlan.123's media
Followed truong.nguyen77
Followed truong.nguyen77
Liked officialadaha's media
Liked officialadaha's media
Liked mrmagnificent84's media
Liked mrmagnificent84's media
Followed riad_da_savage
Followed riad_da_savage
Could not get alexkovatchev_privv's feed. Trying next user
Could not get alexkovatchev_privv's feed. Trying next user
{"message": "Not authorized to view user", "status": "fail"}
{"message": "Not authorized to view user", "status": "fail"}
{u'status': u'fail', u'message': u'Not authorized to view user'}
{u'status': u'fail', u'message': u'Not authorized to view user'}
Followed tonini_francesco
Followed tonini_francesco
Liked d_kuanyshbek_2002's media
Liked d_kuanyshbek_2002's media
Liked elevenmeeggos's media
Liked elevenmeeggos's media
Followed marieldy080
Followed marieldy080
Liked davidjon6349's media
Liked davidjon6349's media
Followed mr.niruban
Followed mr.niruban
Liked yoyomoesa's media
Liked yoyomoesa's media
Could not get kimkristina875's feed. Trying next user
Could not get kimkristina875's feed. Trying next user
{"message": "Not authorized to view user", "status": "fail"}
{"message": "Not authorized to view user", "status": "fail"}
{u'status': u'fail', u'message': u'Not authorized to view user'}
{u'status': u'fail', u'message': u'Not authorized to view user'}
Followed afffjz_hahjf
Followed afffjz_hahjf
Liked star.bh_'s media
Liked star.bh_'s media
Followed anoos_dxb_coffee
Followed anoos_dxb_coffee
Liked marc0_pere1ra's media
Liked marc0_pere1ra's media
Liked adamhaikal_06's media
Liked adamhaikal_06's media
Followed zola.the.snake
Followed zola.the.snake
Could not get sahilsjoshi09's feed. Trying next user
Could not get sahilsjoshi09's feed. Trying next user
{"message": "Not authorized to view user", "status": "fail"}
{"message": "Not authorized to view user", "status": "fail"}
{u'status': u'fail', u'message': u'Not authorized to view user'}
{u'status': u'fail', u'message': u'Not authorized to view user'}
Followed caleb__atencio
Followed caleb__atencio
Could not get _enes68's feed. Trying next user
Could not get _enes68's feed. Trying next user
{"message": "Not authorized to view user", "status": "fail"}
{"message": "Not authorized to view user", "status": "fail"}
{u'status': u'fail', u'message': u'Not authorized to view user'}
{u'status': u'fail', u'message': u'Not authorized to view user'}
Could not get alex.harris223's feed. Trying next user
Could not get alex.harris223's feed. Trying next user
{"message": "Not authorized to view user", "status": "fail"}
{"message": "Not authorized to view user", "status": "fail"}
{u'status': u'fail', u'message': u'Not authorized to view user'}
{u'status': u'fail', u'message': u'Not authorized to view user'}
Followed kenny_gray112_
Followed kenny_gray112_
Liked isshunter's media
Liked isshunter's media
Followed jimmy_vazquez1
Followed jimmy_vazquez1
Liked ruma_artwear's media
Liked ruma_artwear's media
Liked ah_aboodi's media
Liked ah_aboodi's media
Followed _its_mojo_
Followed _its_mojo_
Liked kashaunkey5308's media
Liked kashaunkey5308's media
Followed _day_dreamer_123
Followed _day_dreamer_123
Could not get mariajose.lopezbutron's feed. Trying next user
Could not get mariajose.lopezbutron's feed. Trying next user
{"message": "Not authorized to view user", "status": "fail"}
{"message": "Not authorized to view user", "status": "fail"}
{u'status': u'fail', u'message': u'Not authorized to view user'}
{u'status': u'fail', u'message': u'Not authorized to view user'}
Liked sharonlee5605's media
Liked sharonlee5605's media
Followed tyrone_olaes_
Followed tyrone_olaes_
Liked sad_the_sad's media
Liked sad_the_sad's media
Followed omarmendez8052
Followed omarmendez8052
Could not get brooke__.tumbles's feed. Trying next user
Could not get brooke__.tumbles's feed. Trying next user
{"message": "Not authorized to view user", "status": "fail"}
{"message": "Not authorized to view user", "status": "fail"}
{u'status': u'fail', u'message': u'Not authorized to view user'}
{u'status': u'fail', u'message': u'Not authorized to view user'}
Liked g.94shaban's media
Liked g.94shaban's media
Followed v3_madea_duvo
Followed v3_madea_duvo
Liked kelvinhqlam's media
Liked kelvinhqlam's media
Followed hascuds123
Followed hascuds123
Liked theduotv.my's media
Liked theduotv.my's media
Liked king_marquez.58's media
Liked king_marquez.58's media
Followed thezanebrown
Followed thezanebrown
Liked 22gabycabre's media
Liked 22gabycabre's media
Followed cassianovictor85
Followed cassianovictor85
Liked kingjay_harris's media
Liked kingjay_harris's media
Liked designgroupitalia's media
Liked designgroupitalia's media
Followed evasconi
Followed evasconi
Could not get brooke_simp569's feed. Trying next user
Could not get brooke_simp569's feed. Trying next user
{"message": "Not authorized to view user", "status": "fail"}
{"message": "Not authorized to view user", "status": "fail"}
{u'status': u'fail', u'message': u'Not authorized to view user'}
{u'status': u'fail', u'message': u'Not authorized to view user'}
Followed shawn_yuhasz80
Followed shawn_yuhasz80
Liked dikmen_makina_model's media
Liked dikmen_makina_model's media
Liked hajimaah_'s media
Liked hajimaah_'s media
Followed bebeperkele
Followed bebeperkele
Liked rajan_p_prajapati's media
Liked rajan_p_prajapati's media
Followed matthewfehr1234
Followed matthewfehr1234
Liked kachinskiyvladislav's media
Liked kachinskiyvladislav's media
Liked best_starwar_tshirt's media
Liked best_starwar_tshirt's media
Followed unidentified_captain_wavvy30
Followed unidentified_captain_wavvy30
Liked bladesource.ca's media
Liked bladesource.ca's media
Followed mohmmadreza4694
Followed mohmmadreza4694
Liked ampphotographyrebubble's media
Liked ampphotographyrebubble's media
Liked marcus_awesome24's media
Liked marcus_awesome24's media
Followed gabycabre22
Followed gabycabre22
Could not get khalije_fars_iran's feed. Trying next user
Could not get khalije_fars_iran's feed. Trying next user
{"message": "Not authorized to view user", "status": "fail"}
{"message": "Not authorized to view user", "status": "fail"}
{u'status': u'fail', u'message': u'Not authorized to view user'}
{u'status': u'fail', u'message': u'Not authorized to view user'}
Followed __luv_shuv_
Followed __luv_shuv_
Liked littlesavagefaux123's media
Liked littlesavagefaux123's media
Liked a.s.h.w.i.n_m.s's media
Liked a.s.h.w.i.n_m.s's media
Followed muhammad_qadafi_21_05_05
Followed muhammad_qadafi_21_05_05
Liked h.spins's media
Liked h.spins's media
Followed charancharu20093
Followed charancharu20093
Liked fact_starwar's media
Liked fact_starwar's media
Liked fifiardian's media
Liked fifiardian's media
Followed omar.mziri_7
Followed omar.mziri_7
Could not get ole_joshy15's feed. Trying next user
Could not get ole_joshy15's feed. Trying next user
{"message": "Not authorized to view user", "status": "fail"}
{"message": "Not authorized to view user", "status": "fail"}
{u'status': u'fail', u'message': u'Not authorized to view user'}
{u'status': u'fail', u'message': u'Not authorized to view user'}
Followed alvaro___soler
Followed alvaro___soler
Liked juan_rasta_hippie's media
Liked juan_rasta_hippie's media
Liked shellyann_prin3ss's media
Liked shellyann_prin3ss's media
Followed ahmedwalled2002
Followed ahmedwalled2002
Could not get esmail055's feed. Trying next user
Could not get esmail055's feed. Trying next user
{"message": "Not authorized to view user", "status": "fail"}
{"message": "Not authorized to view user", "status": "fail"}
{u'status': u'fail', u'message': u'Not authorized to view user'}
{u'status': u'fail', u'message': u'Not authorized to view user'}
Followed karol_suarez_11
Followed karol_suarez_11
Could not get joe6870's feed. Trying next user
Could not get joe6870's feed. Trying next user
{"message": "Not authorized to view user", "status": "fail"}
{"message": "Not authorized to view user", "status": "fail"}
{u'status': u'fail', u'message': u'Not authorized to view user'}
{u'status': u'fail', u'message': u'Not authorized to view user'}
Liked gangstalabofficial's media
Liked gangstalabofficial's media
Followed sunny___sk
Followed sunny___sk
Liked silvio10nascimento's media
Liked silvio10nascimento's media
Followed christine23ch
Followed christine23ch
Liked gotbackbone's media
Liked gotbackbone's media
Liked jino9477's media
Liked jino9477's media
Followed m_r_k_official
Followed m_r_k_official
Liked slendyisdaddy231's media
Liked slendyisdaddy231's media
Followed jerry_boii1373
Followed jerry_boii1373
Liked sergioperezmillan's media
Liked sergioperezmillan's media
Could not get yousef.elshahat's feed. Trying next user
Could not get yousef.elshahat's feed. Trying next user
{"message": "Not authorized to view user", "status": "fail"}
{"message": "Not authorized to view user", "status": "fail"}
{u'status': u'fail', u'message': u'Not authorized to view user'}
{u'status': u'fail', u'message': u'Not authorized to view user'}
Followed melikahashemi73
Followed melikahashemi73
Liked coppershedknifeworks's media
Liked coppershedknifeworks's media
Followed mrsongofan
Followed mrsongofan
Liked owenthewillis's media
Liked owenthewillis's media
Liked captain_manuganu's media
Liked captain_manuganu's media
Followed blaz.ozbetic
Followed blaz.ozbetic
Liked abinav.s_10's media
Liked abinav.s_10's media
Followed ha5203284
Followed ha5203284
Liked spam_bc_who_cares's media
Liked spam_bc_who_cares's media
Liked javi_za0312's media
Liked javi_za0312's media
Followed margo_xara
Followed margo_xara
Liked abodyyz_'s media
Liked abodyyz_'s media
Followed natrinca_03
Followed natrinca_03
Liked barbeiro_guh's media
Liked barbeiro_guh's media
Could not get rikoandr25's feed. Trying next user
Could not get rikoandr25's feed. Trying next user
{"message": "Not authorized to view user", "status": "fail"}
{"message": "Not authorized to view user", "status": "fail"}
{u'status': u'fail', u'message': u'Not authorized to view user'}
{u'status': u'fail', u'message': u'Not authorized to view user'}
Followed kiyan.izadi
Followed kiyan.izadi
Liked zafran_tgb's media
Liked zafran_tgb's media
Followed verofm_
Followed verofm_
Liked gor_04_13's media
Liked gor_04_13's media
Liked awe_its_zuan's media
Liked awe_its_zuan's media
Followed bntg_a
Followed bntg_a
Could not get instashich's feed. Trying next user
Could not get instashich's feed. Trying next user
{"message": "Not authorized to view user", "status": "fail"}
{"message": "Not authorized to view user", "status": "fail"}
{u'status': u'fail', u'message': u'Not authorized to view user'}
{u'status': u'fail', u'message': u'Not authorized to view user'}
Followed shaimaa_shaimaa395
Followed shaimaa_shaimaa395
Could not get justintustin's feed. Trying next user
Could not get justintustin's feed. Trying next user
{"message": "Not authorized to view user", "status": "fail"}
{"message": "Not authorized to view user", "status": "fail"}
{u'status': u'fail', u'message': u'Not authorized to view user'}
{u'status': u'fail', u'message': u'Not authorized to view user'}
Liked soriano6032's media
Liked soriano6032's media
Followed noor_aldeen_moghrabi
Followed noor_aldeen_moghrabi
Liked lukuhakeem77's media
Liked lukuhakeem77's media
Followed adam_barnard__
Followed adam_barnard__
Liked mariovalentinow's media
Liked mariovalentinow's media
Liked polzanini's media
Liked polzanini's media
Followed hishado
Followed hishado
Liked ekolojikdesing's media
Liked ekolojikdesing's media
Followed epic.wood
Followed epic.wood
Liked mirko.barella97's media
Liked mirko.barella97's media
Liked spinnerking9411's media
Liked spinnerking9411's media
Followed supersnek_is_skavage7824
Followed supersnek_is_skavage7824
Liked _riojr30_ajah_'s media
Liked _riojr30_ajah_'s media
Followed jake_butt692578
Followed jake_butt692578
Liked aypapaliquids's media
Liked aypapaliquids's media
Liked basminji's media
Liked basminji's media
Followed geneilsonmaraba
Followed geneilsonmaraba
Liked jackisbrown's media
Liked jackisbrown's media
Followed larasardar2005
Followed larasardar2005
Liked sam_f_695's media
Liked sam_f_695's media
Liked rikoand14's media
Liked rikoand14's media
Followed silent_killer_152005
Followed silent_killer_152005
Liked joliefr15's media
Liked joliefr15's media
Followed cristian_255652
Followed cristian_255652
Could not get j.a_0151's feed. Trying next user
Could not get j.a_0151's feed. Trying next user
{"message": "Not authorized to view user", "status": "fail"}
{"message": "Not authorized to view user", "status": "fail"}
{u'status': u'fail', u'message': u'Not authorized to view user'}
{u'status': u'fail', u'message': u'Not authorized to view user'}
Liked burgosjoang's media
Liked burgosjoang's media
Followed hissa.56
Followed hissa.56
Liked rehmanahmad786's media
Liked rehmanahmad786's media
Followed blowsvapesclouds97
Followed blowsvapesclouds97
Liked sanelehtonen's media
Liked sanelehtonen's media
Liked cham_chamm13's media
Liked cham_chamm13's media
Followed twkhly.rfn
Followed twkhly.rfn
Liked fantasygurl233's media
Liked fantasygurl233's media
Followed earl_wbvargas
Followed earl_wbvargas
Liked undscheisse's media
Liked undscheisse's media
Liked _lonbee_fuckingg's media
Liked _lonbee_fuckingg's media
Followed dz.0902
Followed dz.0902
Liked gcostiuc's media
Liked gcostiuc's media
Followed headlights_nw
Followed headlights_nw
Could not get hamany9800's feed. Trying next user
Could not get hamany9800's feed. Trying next user
{"message": "Not authorized to view user", "status": "fail"}
{"message": "Not authorized to view user", "status": "fail"}
{u'status': u'fail', u'message': u'Not authorized to view user'}
{u'status': u'fail', u'message': u'Not authorized to view user'}
Could not get jodichelsa's feed. Trying next user
Could not get jodichelsa's feed. Trying next user
{"message": "Not authorized to view user", "status": "fail"}
{"message": "Not authorized to view user", "status": "fail"}
{u'status': u'fail', u'message': u'Not authorized to view user'}
{u'status': u'fail', u'message': u'Not authorized to view user'}
Followed wtsvollyball
Followed wtsvollyball
Could not get giamma2006's feed. Trying next user
Could not get giamma2006's feed. Trying next user
{"message": "Not authorized to view user", "status": "fail"}
{"message": "Not authorized to view user", "status": "fail"}
{u'status': u'fail', u'message': u'Not authorized to view user'}
{u'status': u'fail', u'message': u'Not authorized to view user'}
Followed loiko_tattoo
Followed loiko_tattoo
Liked mr.playboy_27's media
Liked mr.playboy_27's media
Bot stopped by user
Bot stopped by user
